TN:
SF:/home/admin1/Desktop/fundoo/ServerSide/server.js
FN:42,(anonymous_0)
FN:52,(anonymous_1)
FN:55,(anonymous_2)
FN:64,(anonymous_3)
FN:68,(anonymous_4)
FNF:5
FNH:3
FNDA:1,(anonymous_0)
FNDA:1,(anonymous_1)
FNDA:0,(anonymous_2)
FNDA:1,(anonymous_3)
FNDA:0,(anonymous_4)
DA:1,1
DA:2,1
DA:9,1
DA:10,1
DA:18,1
DA:19,1
DA:24,1
DA:25,1
DA:26,1
DA:29,1
DA:30,1
DA:32,1
DA:33,1
DA:34,1
DA:35,1
DA:36,1
DA:37,1
DA:42,1
DA:43,1
DA:46,1
DA:49,1
DA:50,1
DA:51,1
DA:53,1
DA:56,0
DA:57,0
DA:61,1
DA:62,1
DA:64,1
DA:65,1
DA:68,1
DA:69,0
DA:72,1
LF:33
LH:30
BRF:0
BRH:0
end_of_record
TN:
SF:/home/admin1/Desktop/fundoo/ServerSide/app/model/labelModel.js
FN:41,(anonymous_0)
FN:48,(anonymous_1)
FN:54,(anonymous_2)
FN:55,(anonymous_3)
FN:64,(anonymous_4)
FN:67,(anonymous_5)
FN:77,(anonymous_6)
FN:78,(anonymous_7)
FN:79,(anonymous_8)
FN:88,(anonymous_9)
FN:91,(anonymous_10)
FN:102,(anonymous_11)
FN:103,(anonymous_12)
FN:104,(anonymous_13)
FN:113,(anonymous_14)
FN:116,(anonymous_15)
FN:125,(anonymous_16)
FN:127,(anonymous_17)
FN:128,(anonymous_18)
FN:137,(anonymous_19)
FN:141,(anonymous_20)
FNF:21
FNH:15
FNDA:1,(anonymous_0)
FNDA:2,(anonymous_1)
FNDA:2,(anonymous_2)
FNDA:2,(anonymous_3)
FNDA:0,(anonymous_4)
FNDA:2,(anonymous_5)
FNDA:0,(anonymous_6)
FNDA:0,(anonymous_7)
FNDA:0,(anonymous_8)
FNDA:0,(anonymous_9)
FNDA:0,(anonymous_10)
FNDA:2,(anonymous_11)
FNDA:2,(anonymous_12)
FNDA:2,(anonymous_13)
FNDA:1,(anonymous_14)
FNDA:1,(anonymous_15)
FNDA:6,(anonymous_16)
FNDA:6,(anonymous_17)
FNDA:6,(anonymous_18)
FNDA:3,(anonymous_19)
FNDA:3,(anonymous_20)
DA:10,1
DA:11,1
DA:19,1
DA:38,1
DA:50,2
DA:54,2
DA:55,2
DA:56,2
DA:57,2
DA:59,0
DA:63,2
DA:65,0
DA:68,2
DA:78,0
DA:79,0
DA:80,0
DA:81,0
DA:83,0
DA:87,0
DA:89,0
DA:92,0
DA:103,2
DA:104,2
DA:105,2
DA:106,1
DA:108,1
DA:112,2
DA:114,1
DA:117,1
DA:126,6
DA:127,6
DA:128,6
DA:129,6
DA:130,3
DA:132,3
DA:136,6
DA:138,3
DA:139,3
DA:142,3
DA:147,1
DA:148,1
LF:41
LH:31
BRDA:56,0,0,2
BRDA:56,0,1,0
BRDA:80,1,0,0
BRDA:80,1,1,0
BRDA:105,2,0,1
BRDA:105,2,1,1
BRDA:129,3,0,3
BRDA:129,3,1,3
BRF:8
BRH:5
end_of_record
TN:
SF:/home/admin1/Desktop/fundoo/ServerSide/app/model/noteModel.js
FN:59,(anonymous_0)
FN:88,(anonymous_1)
FN:97,(anonymous_2)
FN:98,(anonymous_3)
FN:107,(anonymous_4)
FN:110,(anonymous_5)
FN:137,(anonymous_6)
FN:138,(anonymous_7)
FN:139,(anonymous_8)
FN:148,(anonymous_9)
FN:151,(anonymous_10)
FN:198,(anonymous_11)
FN:199,(anonymous_12)
FN:203,(anonymous_13)
FN:212,(anonymous_14)
FN:215,(anonymous_15)
FN:248,(anonymous_16)
FN:250,(anonymous_17)
FN:251,(anonymous_18)
FN:260,(anonymous_19)
FN:263,(anonymous_20)
FN:293,(anonymous_21)
FN:294,(anonymous_22)
FN:295,(anonymous_23)
FN:304,(anonymous_24)
FN:307,(anonymous_25)
FN:339,(anonymous_26)
FN:340,(anonymous_27)
FN:341,(anonymous_28)
FN:350,(anonymous_29)
FN:353,(anonymous_30)
FNF:31
FNH:23
FNDA:1,(anonymous_0)
FNDA:2,(anonymous_1)
FNDA:2,(anonymous_2)
FNDA:2,(anonymous_3)
FNDA:2,(anonymous_4)
FNDA:0,(anonymous_5)
FNDA:2,(anonymous_6)
FNDA:2,(anonymous_7)
FNDA:2,(anonymous_8)
FNDA:1,(anonymous_9)
FNDA:1,(anonymous_10)
FNDA:3,(anonymous_11)
FNDA:3,(anonymous_12)
FNDA:0,(anonymous_13)
FNDA:0,(anonymous_14)
FNDA:3,(anonymous_15)
FNDA:14,(anonymous_16)
FNDA:14,(anonymous_17)
FNDA:14,(anonymous_18)
FNDA:7,(anonymous_19)
FNDA:7,(anonymous_20)
FNDA:0,(anonymous_21)
FNDA:0,(anonymous_22)
FNDA:0,(anonymous_23)
FNDA:0,(anonymous_24)
FNDA:0,(anonymous_25)
FNDA:3,(anonymous_26)
FNDA:3,(anonymous_27)
FNDA:3,(anonymous_28)
FNDA:2,(anonymous_29)
FNDA:1,(anonymous_30)
DA:9,1
DA:11,1
DA:16,1
DA:17,1
DA:54,1
DA:90,2
DA:97,2
DA:98,2
DA:99,2
DA:100,0
DA:102,2
DA:106,2
DA:108,2
DA:111,0
DA:138,2
DA:139,2
DA:140,2
DA:141,1
DA:143,1
DA:147,2
DA:149,1
DA:152,1
DA:199,3
DA:200,3
DA:204,0
DA:205,0
DA:207,0
DA:211,3
DA:213,0
DA:216,3
DA:250,14
DA:251,14
DA:252,14
DA:253,7
DA:255,7
DA:259,14
DA:261,7
DA:264,7
DA:294,0
DA:295,0
DA:296,0
DA:297,0
DA:299,0
DA:303,0
DA:305,0
DA:308,0
DA:340,3
DA:341,3
DA:342,3
DA:343,1
DA:345,2
DA:349,3
DA:351,2
DA:354,1
DA:361,1
DA:362,1
LF:56
LH:42
BRDA:99,0,0,0
BRDA:99,0,1,2
BRDA:140,1,0,1
BRDA:140,1,1,1
BRDA:204,2,0,0
BRDA:204,2,1,0
BRDA:252,3,0,7
BRDA:252,3,1,7
BRDA:296,4,0,0
BRDA:296,4,1,0
BRDA:342,5,0,1
BRDA:342,5,1,2
BRF:12
BRH:7
end_of_record
TN:
SF:/home/admin1/Desktop/fundoo/ServerSide/app/model/userModel.js
FN:76,(anonymous_0)
FN:84,(anonymous_1)
FN:96,(anonymous_2)
FN:115,(anonymous_3)
FN:118,(anonymous_4)
FN:125,(anonymous_5)
FN:155,(anonymous_6)
FN:157,(anonymous_7)
FN:178,(anonymous_8)
FN:181,(anonymous_9)
FNF:10
FNH:10
FNDA:1,(anonymous_0)
FNDA:2,(anonymous_1)
FNDA:2,(anonymous_2)
FNDA:2,(anonymous_3)
FNDA:2,(anonymous_4)
FNDA:1,(anonymous_5)
FNDA:2,(anonymous_6)
FNDA:2,(anonymous_7)
FNDA:2,(anonymous_8)
FNDA:2,(anonymous_9)
DA:18,1
DA:19,1
DA:26,1
DA:28,1
DA:29,1
DA:65,1
DA:72,1
DA:85,2
DA:86,2
DA:96,2
DA:97,2
DA:98,2
DA:99,2
DA:101,0
DA:102,0
DA:106,0
DA:116,2
DA:117,2
DA:118,2
DA:119,2
DA:120,0
DA:121,0
DA:123,2
DA:125,1
DA:126,1
DA:127,0
DA:128,1
DA:129,0
DA:130,0
DA:131,0
DA:133,1
DA:134,1
DA:139,1
DA:140,1
DA:145,0
DA:156,2
DA:157,2
DA:158,2
DA:159,0
DA:160,2
DA:161,1
DA:162,1
DA:164,1
DA:165,1
DA:169,0
DA:179,2
DA:181,2
DA:182,2
DA:183,0
DA:184,0
DA:187,2
DA:188,2
DA:194,0
DA:198,1
DA:199,1
LF:55
LH:40
BRDA:97,0,0,2
BRDA:97,0,1,0
BRDA:119,1,0,0
BRDA:119,1,1,2
BRDA:123,2,0,1
BRDA:123,2,1,1
BRDA:126,3,0,0
BRDA:126,3,1,1
BRDA:128,4,0,0
BRDA:128,4,1,1
BRDA:158,5,0,0
BRDA:158,5,1,2
BRDA:160,6,0,1
BRDA:160,6,1,1
BRDA:182,7,0,0
BRDA:182,7,1,2
BRF:16
BRH:10
end_of_record
TN:
SF:/home/admin1/Desktop/fundoo/ServerSide/config/dbConfiguration.js
FNF:0
FNH:0
DA:1,1
LF:1
LH:1
BRF:0
BRH:0
end_of_record
TN:
SF:/home/admin1/Desktop/fundoo/ServerSide/controller/labelController.js
FN:24,(anonymous_0)
FN:40,(anonymous_1)
FN:73,(anonymous_2)
FN:88,(anonymous_3)
FN:116,(anonymous_4)
FN:130,(anonymous_5)
FN:156,(anonymous_6)
FN:175,(anonymous_7)
FN:204,(anonymous_8)
FN:222,(anonymous_9)
FN:252,(anonymous_10)
FN:270,(anonymous_11)
FNF:12
FNH:11
FNDA:3,(anonymous_0)
FNDA:2,(anonymous_1)
FNDA:3,(anonymous_2)
FNDA:0,(anonymous_3)
FNDA:3,(anonymous_4)
FNDA:2,(anonymous_5)
FNDA:3,(anonymous_6)
FNDA:2,(anonymous_7)
FNDA:3,(anonymous_8)
FNDA:2,(anonymous_9)
FNDA:3,(anonymous_10)
FNDA:2,(anonymous_11)
DA:13,1
DA:14,1
DA:24,1
DA:25,3
DA:26,3
DA:27,3
DA:28,3
DA:32,3
DA:33,3
DA:34,3
DA:35,3
DA:36,1
DA:37,1
DA:38,1
DA:40,2
DA:41,2
DA:42,2
DA:43,2
DA:44,2
DA:45,2
DA:46,2
DA:52,0
DA:53,0
DA:54,0
DA:63,0
DA:73,1
DA:74,3
DA:75,3
DA:76,3
DA:81,3
DA:82,3
DA:83,3
DA:84,0
DA:85,0
DA:86,0
DA:88,3
DA:89,0
DA:90,0
DA:91,0
DA:96,0
DA:97,0
DA:107,3
DA:116,1
DA:117,3
DA:118,3
DA:119,3
DA:122,3
DA:123,3
DA:124,3
DA:125,3
DA:126,1
DA:127,1
DA:128,1
DA:130,2
DA:131,2
DA:132,1
DA:133,1
DA:137,1
DA:147,0
DA:156,1
DA:157,3
DA:158,3
DA:159,3
DA:160,3
DA:166,3
DA:167,3
DA:168,3
DA:169,3
DA:170,3
DA:171,1
DA:172,1
DA:173,1
DA:175,2
DA:177,2
DA:178,1
DA:179,1
DA:185,1
DA:186,1
DA:195,0
DA:204,1
DA:205,3
DA:206,3
DA:207,3
DA:208,3
DA:213,3
DA:214,3
DA:215,3
DA:216,3
DA:217,3
DA:218,1
DA:219,1
DA:220,1
DA:222,2
DA:224,2
DA:225,1
DA:226,1
DA:232,1
DA:233,1
DA:242,0
DA:252,1
DA:253,3
DA:254,3
DA:255,3
DA:256,3
DA:261,3
DA:262,3
DA:263,3
DA:264,3
DA:265,3
DA:266,1
DA:267,1
DA:268,1
DA:270,2
DA:272,2
DA:273,1
DA:274,1
DA:280,1
DA:281,1
DA:290,0
LF:119
LH:103
BRDA:35,0,0,1
BRDA:35,0,1,2
BRDA:43,1,0,2
BRDA:43,1,1,0
BRDA:83,2,0,0
BRDA:83,2,1,3
BRDA:89,3,0,0
BRDA:89,3,1,0
BRDA:125,4,0,1
BRDA:125,4,1,2
BRDA:131,5,0,1
BRDA:131,5,1,1
BRDA:170,6,0,1
BRDA:170,6,1,2
BRDA:177,7,0,1
BRDA:177,7,1,1
BRDA:217,8,0,1
BRDA:217,8,1,2
BRDA:224,9,0,1
BRDA:224,9,1,1
BRDA:265,10,0,1
BRDA:265,10,1,2
BRDA:272,11,0,1
BRDA:272,11,1,1
BRF:24
BRH:20
end_of_record
TN:
SF:/home/admin1/Desktop/fundoo/ServerSide/controller/noteController.js
FN:20,(anonymous_0)
FN:41,(anonymous_1)
FN:72,(anonymous_2)
FN:87,(anonymous_3)
FN:117,(anonymous_4)
FN:131,(anonymous_5)
FN:162,(anonymous_6)
FN:178,(anonymous_7)
FN:208,(anonymous_8)
FN:224,(anonymous_9)
FN:254,(anonymous_10)
FN:270,(anonymous_11)
FN:300,(anonymous_12)
FN:316,(anonymous_13)
FN:346,(anonymous_14)
FN:363,(anonymous_15)
FN:392,(anonymous_16)
FN:408,(anonymous_17)
FN:438,(anonymous_18)
FN:454,(anonymous_19)
FN:484,(anonymous_20)
FN:491,(anonymous_21)
FN:519,(anonymous_22)
FN:527,(anonymous_23)
FN:555,(anonymous_24)
FN:565,(anonymous_25)
FNF:26
FNH:22
FNDA:3,(anonymous_0)
FNDA:2,(anonymous_1)
FNDA:4,(anonymous_2)
FNDA:3,(anonymous_3)
FNDA:3,(anonymous_4)
FNDA:2,(anonymous_5)
FNDA:3,(anonymous_6)
FNDA:2,(anonymous_7)
FNDA:3,(anonymous_8)
FNDA:2,(anonymous_9)
FNDA:3,(anonymous_10)
FNDA:2,(anonymous_11)
FNDA:3,(anonymous_12)
FNDA:2,(anonymous_13)
FNDA:3,(anonymous_14)
FNDA:2,(anonymous_15)
FNDA:3,(anonymous_16)
FNDA:2,(anonymous_17)
FNDA:3,(anonymous_18)
FNDA:2,(anonymous_19)
FNDA:0,(anonymous_20)
FNDA:0,(anonymous_21)
FNDA:0,(anonymous_22)
FNDA:0,(anonymous_23)
FNDA:3,(anonymous_24)
FNDA:3,(anonymous_25)
DA:10,1
DA:11,1
DA:20,1
DA:21,3
DA:22,3
DA:23,3
DA:24,3
DA:31,3
DA:32,3
DA:33,3
DA:34,3
DA:35,3
DA:36,3
DA:37,1
DA:38,1
DA:39,1
DA:41,2
DA:42,2
DA:43,0
DA:45,0
DA:51,2
DA:52,2
DA:53,2
DA:62,0
DA:72,1
DA:73,4
DA:74,4
DA:75,4
DA:79,4
DA:80,4
DA:81,4
DA:82,4
DA:83,1
DA:84,1
DA:85,1
DA:87,3
DA:88,3
DA:89,3
DA:90,3
DA:96,0
DA:97,0
DA:107,0
DA:117,1
DA:118,3
DA:119,3
DA:120,3
DA:123,3
DA:124,3
DA:125,3
DA:126,3
DA:127,1
DA:128,1
DA:129,1
DA:131,2
DA:132,2
DA:133,1
DA:134,1
DA:140,1
DA:141,1
DA:151,0
DA:162,1
DA:163,3
DA:164,3
DA:165,3
DA:169,3
DA:170,3
DA:171,3
DA:172,3
DA:173,3
DA:174,1
DA:175,1
DA:176,1
DA:178,2
DA:179,2
DA:180,2
DA:181,1
DA:182,1
DA:188,1
DA:189,1
DA:198,0
DA:208,1
DA:209,3
DA:210,3
DA:211,3
DA:215,3
DA:216,3
DA:217,3
DA:218,3
DA:219,3
DA:220,1
DA:221,1
DA:222,1
DA:224,2
DA:226,2
DA:227,1
DA:228,1
DA:234,1
DA:235,1
DA:244,0
DA:254,1
DA:255,3
DA:256,3
DA:257,3
DA:261,3
DA:262,3
DA:263,3
DA:264,3
DA:265,3
DA:266,1
DA:267,1
DA:268,1
DA:270,2
DA:272,2
DA:273,1
DA:274,1
DA:280,1
DA:281,1
DA:290,0
DA:300,1
DA:301,3
DA:302,3
DA:303,3
DA:307,3
DA:308,3
DA:309,3
DA:310,3
DA:311,3
DA:312,1
DA:313,1
DA:314,1
DA:316,2
DA:318,2
DA:319,1
DA:320,1
DA:326,1
DA:327,1
DA:336,0
DA:346,1
DA:347,3
DA:348,3
DA:349,3
DA:354,3
DA:355,3
DA:356,3
DA:357,3
DA:358,3
DA:359,1
DA:360,1
DA:361,1
DA:363,2
DA:364,2
DA:365,1
DA:366,1
DA:372,1
DA:373,1
DA:382,0
DA:392,1
DA:393,3
DA:394,3
DA:395,3
DA:399,3
DA:400,3
DA:401,3
DA:402,3
DA:403,3
DA:404,1
DA:405,1
DA:406,1
DA:408,2
DA:409,2
DA:410,1
DA:411,1
DA:417,1
DA:418,1
DA:427,0
DA:438,1
DA:439,3
DA:440,3
DA:441,3
DA:445,3
DA:446,3
DA:447,3
DA:448,3
DA:449,3
DA:450,1
DA:451,1
DA:452,1
DA:454,2
DA:455,2
DA:456,1
DA:457,1
DA:463,1
DA:464,1
DA:473,0
DA:484,1
DA:485,0
DA:486,0
DA:487,0
DA:491,0
DA:492,0
DA:493,0
DA:494,0
DA:500,0
DA:501,0
DA:509,0
DA:519,1
DA:520,0
DA:521,0
DA:522,0
DA:523,0
DA:527,0
DA:528,0
DA:529,0
DA:530,0
DA:531,0
DA:535,0
DA:536,0
DA:545,0
DA:555,1
DA:556,3
DA:557,3
DA:558,3
DA:565,3
DA:566,3
DA:567,1
DA:568,1
DA:574,2
DA:575,2
DA:584,0
LF:229
LH:192
BRDA:36,0,0,1
BRDA:36,0,1,2
BRDA:42,1,0,0
BRDA:42,1,1,2
BRDA:82,2,0,1
BRDA:82,2,1,3
BRDA:88,3,0,3
BRDA:88,3,1,0
BRDA:126,4,0,1
BRDA:126,4,1,2
BRDA:132,5,0,1
BRDA:132,5,1,1
BRDA:173,6,0,1
BRDA:173,6,1,2
BRDA:180,7,0,1
BRDA:180,7,1,1
BRDA:219,8,0,1
BRDA:219,8,1,2
BRDA:226,9,0,1
BRDA:226,9,1,1
BRDA:265,10,0,1
BRDA:265,10,1,2
BRDA:272,11,0,1
BRDA:272,11,1,1
BRDA:311,12,0,1
BRDA:311,12,1,2
BRDA:318,13,0,1
BRDA:318,13,1,1
BRDA:358,14,0,1
BRDA:358,14,1,2
BRDA:364,15,0,1
BRDA:364,15,1,1
BRDA:403,16,0,1
BRDA:403,16,1,2
BRDA:409,17,0,1
BRDA:409,17,1,1
BRDA:449,18,0,1
BRDA:449,18,1,2
BRDA:455,19,0,1
BRDA:455,19,1,1
BRDA:492,20,0,0
BRDA:492,20,1,0
BRDA:528,21,0,0
BRDA:528,21,1,0
BRDA:566,22,0,1
BRDA:566,22,1,2
BRF:46
BRH:40
end_of_record
TN:
SF:/home/admin1/Desktop/fundoo/ServerSide/controller/userController.js
FN:24,(anonymous_0)
FN:49,(anonymous_1)
FN:84,(anonymous_2)
FN:103,(anonymous_3)
FN:137,(anonymous_4)
FN:154,(anonymous_5)
FN:190,(anonymous_6)
FN:206,(anonymous_7)
FN:231,(anonymous_8)
FN:237,(anonymous_9)
FN:261,(anonymous_10)
FN:269,(anonymous_11)
FNF:12
FNH:11
FNDA:3,(anonymous_0)
FNDA:2,(anonymous_1)
FNDA:3,(anonymous_2)
FNDA:2,(anonymous_3)
FNDA:3,(anonymous_4)
FNDA:2,(anonymous_5)
FNDA:2,(anonymous_6)
FNDA:1,(anonymous_7)
FNDA:1,(anonymous_8)
FNDA:1,(anonymous_9)
FNDA:2,(anonymous_10)
FNDA:0,(anonymous_11)
DA:12,1
DA:13,1
DA:14,1
DA:15,1
DA:24,1
DA:25,3
DA:26,3
DA:35,3
DA:36,3
DA:37,3
DA:38,3
DA:40,3
DA:41,3
DA:42,3
DA:43,1
DA:44,1
DA:45,1
DA:49,2
DA:50,2
DA:51,2
DA:52,2
DA:54,0
DA:55,0
DA:57,0
DA:59,0
DA:61,0
DA:62,0
DA:63,0
DA:64,0
DA:74,0
DA:75,0
DA:84,1
DA:85,3
DA:86,3
DA:93,3
DA:94,3
DA:95,3
DA:96,3
DA:97,3
DA:98,1
DA:99,1
DA:100,1
DA:103,2
DA:104,2
DA:105,2
DA:106,2
DA:107,2
DA:109,0
DA:110,0
DA:111,0
DA:113,0
DA:115,0
DA:116,0
DA:126,0
DA:127,0
DA:137,1
DA:138,3
DA:140,3
DA:144,3
DA:145,3
DA:146,3
DA:147,3
DA:148,1
DA:149,1
DA:150,1
DA:154,2
DA:155,2
DA:156,1
DA:157,1
DA:159,1
DA:160,1
DA:163,1
DA:165,1
DA:167,1
DA:168,1
DA:169,1
DA:170,1
DA:180,0
DA:181,0
DA:190,1
DA:191,2
DA:192,2
DA:196,2
DA:197,2
DA:198,2
DA:202,2
DA:203,1
DA:206,1
DA:207,1
DA:208,0
DA:210,1
DA:220,0
DA:221,0
DA:231,1
DA:232,1
DA:234,1
DA:237,1
DA:238,1
DA:239,0
DA:241,1
DA:250,0
DA:251,0
DA:261,1
DA:262,2
DA:264,2
DA:265,0
DA:269,0
DA:270,0
DA:271,0
DA:272,0
DA:276,0
DA:277,0
DA:286,2
LF:113
LH:80
BRDA:42,0,0,1
BRDA:42,0,1,2
BRDA:50,1,0,2
BRDA:50,1,1,0
BRDA:97,2,0,1
BRDA:97,2,1,2
BRDA:105,3,0,2
BRDA:105,3,1,0
BRDA:147,4,0,1
BRDA:147,4,1,2
BRDA:155,5,0,1
BRDA:155,5,1,1
BRDA:202,6,0,1
BRDA:202,6,1,1
BRDA:207,7,0,0
BRDA:207,7,1,1
BRDA:238,8,0,0
BRDA:238,8,1,1
BRDA:270,9,0,0
BRDA:270,9,1,0
BRF:20
BRH:14
end_of_record
TN:
SF:/home/admin1/Desktop/fundoo/ServerSide/middleware/authentication.js
FN:23,(anonymous_0)
FN:27,(anonymous_1)
FN:39,(anonymous_2)
FNF:3
FNH:3
FNDA:57,(anonymous_0)
FNDA:57,(anonymous_1)
FNDA:57,(anonymous_2)
DA:16,1
DA:17,1
DA:19,1
DA:20,1
DA:23,1
DA:24,57
DA:27,57
DA:28,57
DA:29,0
DA:33,57
DA:36,57
DA:38,57
DA:39,57
DA:40,57
DA:41,0
DA:42,0
DA:45,57
DA:46,57
DA:47,57
DA:53,0
DA:59,0
DA:60,0
LF:22
LH:16
BRDA:28,0,0,0
BRDA:28,0,1,57
BRDA:38,1,0,57
BRDA:38,1,1,0
BRDA:40,2,0,0
BRDA:40,2,1,57
BRF:6
BRH:3
end_of_record
TN:
SF:/home/admin1/Desktop/fundoo/ServerSide/router/labelRouter.js
FNF:0
FNH:0
DA:1,1
DA:2,1
DA:3,1
DA:4,1
DA:5,1
DA:6,1
DA:7,1
DA:8,1
DA:9,1
DA:10,1
DA:11,1
LF:11
LH:11
BRF:0
BRH:0
end_of_record
TN:
SF:/home/admin1/Desktop/fundoo/ServerSide/router/noteRouter.js
FNF:0
FNH:0
DA:2,1
DA:3,1
DA:4,1
DA:5,1
DA:6,1
DA:8,1
DA:9,1
DA:10,1
DA:11,1
DA:12,1
DA:13,1
DA:14,1
DA:15,1
DA:16,1
DA:17,1
DA:18,1
DA:19,1
DA:20,1
DA:22,1
LF:19
LH:19
BRF:0
BRH:0
end_of_record
TN:
SF:/home/admin1/Desktop/fundoo/ServerSide/router/userRouter.js
FNF:0
FNH:0
DA:12,1
DA:14,1
DA:15,1
DA:16,1
DA:17,1
DA:20,1
DA:21,1
DA:22,1
DA:23,1
DA:24,1
DA:26,1
DA:27,1
LF:12
LH:12
BRF:0
BRH:0
end_of_record
TN:
SF:/home/admin1/Desktop/fundoo/ServerSide/services/Internal/labelServices.js
FN:18,(anonymous_0)
FN:25,(anonymous_1)
FN:26,(anonymous_2)
FN:40,(anonymous_3)
FN:41,(anonymous_4)
FN:55,(anonymous_5)
FN:56,(anonymous_6)
FN:69,(anonymous_7)
FN:73,(anonymous_8)
FN:87,(anonymous_9)
FN:92,(anonymous_10)
FN:105,(anonymous_11)
FN:110,(anonymous_12)
FNF:13
FNH:11
FNDA:1,(anonymous_0)
FNDA:2,(anonymous_1)
FNDA:2,(anonymous_2)
FNDA:0,(anonymous_3)
FNDA:0,(anonymous_4)
FNDA:2,(anonymous_5)
FNDA:2,(anonymous_6)
FNDA:2,(anonymous_7)
FNDA:2,(anonymous_8)
FNDA:2,(anonymous_9)
FNDA:2,(anonymous_10)
FNDA:2,(anonymous_11)
FNDA:2,(anonymous_12)
DA:15,1
DA:26,2
DA:27,2
DA:28,2
DA:30,0
DA:41,0
DA:42,0
DA:43,0
DA:45,0
DA:56,2
DA:57,2
DA:58,1
DA:60,1
DA:70,2
DA:73,2
DA:74,2
DA:75,1
DA:77,1
DA:88,2
DA:91,2
DA:92,2
DA:93,2
DA:94,1
DA:96,1
DA:106,2
DA:109,2
DA:110,2
DA:111,2
DA:112,1
DA:114,1
DA:121,1
DA:122,1
LF:32
LH:27
BRDA:27,0,0,2
BRDA:27,0,1,0
BRDA:42,1,0,0
BRDA:42,1,1,0
BRDA:57,2,0,1
BRDA:57,2,1,1
BRDA:74,3,0,1
BRDA:74,3,1,1
BRDA:93,4,0,1
BRDA:93,4,1,1
BRDA:111,5,0,1
BRDA:111,5,1,1
BRF:12
BRH:9
end_of_record
TN:
SF:/home/admin1/Desktop/fundoo/ServerSide/services/Internal/noteServices.js
FN:15,(anonymous_0)
FN:22,(anonymous_1)
FN:23,(anonymous_2)
FN:38,(anonymous_3)
FN:39,(anonymous_4)
FN:55,(anonymous_5)
FN:56,(anonymous_6)
FN:71,(anonymous_7)
FN:77,(anonymous_8)
FN:92,(anonymous_9)
FN:99,(anonymous_10)
FN:112,(anonymous_11)
FN:118,(anonymous_12)
FN:132,(anonymous_13)
FN:136,(anonymous_14)
FN:150,(anonymous_15)
FN:154,(anonymous_16)
FN:168,(anonymous_17)
FN:172,(anonymous_18)
FN:186,(anonymous_19)
FN:190,(anonymous_20)
FN:204,(anonymous_21)
FN:208,(anonymous_22)
FN:221,(anonymous_23)
FN:223,(anonymous_24)
FN:236,(anonymous_25)
FN:248,(anonymous_26)
FNF:27
FNH:23
FNDA:1,(anonymous_0)
FNDA:2,(anonymous_1)
FNDA:2,(anonymous_2)
FNDA:3,(anonymous_3)
FNDA:3,(anonymous_4)
FNDA:2,(anonymous_5)
FNDA:2,(anonymous_6)
FNDA:2,(anonymous_7)
FNDA:2,(anonymous_8)
FNDA:2,(anonymous_9)
FNDA:2,(anonymous_10)
FNDA:2,(anonymous_11)
FNDA:2,(anonymous_12)
FNDA:2,(anonymous_13)
FNDA:2,(anonymous_14)
FNDA:2,(anonymous_15)
FNDA:2,(anonymous_16)
FNDA:2,(anonymous_17)
FNDA:2,(anonymous_18)
FNDA:2,(anonymous_19)
FNDA:2,(anonymous_20)
FNDA:0,(anonymous_21)
FNDA:0,(anonymous_22)
FNDA:0,(anonymous_23)
FNDA:0,(anonymous_24)
FNDA:3,(anonymous_25)
FNDA:3,(anonymous_26)
DA:12,1
DA:23,2
DA:24,2
DA:25,0
DA:27,2
DA:39,3
DA:40,3
DA:41,3
DA:43,0
DA:56,2
DA:57,2
DA:58,1
DA:60,1
DA:72,2
DA:77,2
DA:78,2
DA:79,1
DA:81,1
DA:94,2
DA:99,2
DA:100,2
DA:101,1
DA:103,1
DA:113,2
DA:118,2
DA:119,2
DA:120,1
DA:122,1
DA:133,2
DA:136,2
DA:137,2
DA:138,1
DA:140,1
DA:151,2
DA:154,2
DA:155,2
DA:156,1
DA:158,1
DA:169,2
DA:172,2
DA:173,2
DA:174,1
DA:176,1
DA:187,2
DA:190,2
DA:191,2
DA:192,1
DA:194,1
DA:205,0
DA:208,0
DA:209,0
DA:210,0
DA:212,0
DA:222,0
DA:223,0
DA:224,0
DA:225,0
DA:227,0
DA:238,3
DA:248,3
DA:249,3
DA:250,1
DA:252,2
DA:258,1
DA:259,1
LF:65
LH:53
BRDA:24,0,0,0
BRDA:24,0,1,2
BRDA:40,1,0,3
BRDA:40,1,1,0
BRDA:57,2,0,1
BRDA:57,2,1,1
BRDA:78,3,0,1
BRDA:78,3,1,1
BRDA:100,4,0,1
BRDA:100,4,1,1
BRDA:119,5,0,1
BRDA:119,5,1,1
BRDA:137,6,0,1
BRDA:137,6,1,1
BRDA:155,7,0,1
BRDA:155,7,1,1
BRDA:173,8,0,1
BRDA:173,8,1,1
BRDA:191,9,0,1
BRDA:191,9,1,1
BRDA:209,10,0,0
BRDA:209,10,1,0
BRDA:224,11,0,0
BRDA:224,11,1,0
BRDA:249,12,0,1
BRDA:249,12,1,2
BRF:26
BRH:20
end_of_record
TN:
SF:/home/admin1/Desktop/fundoo/ServerSide/services/Internal/userServices.js
FN:19,(anonymous_0)
FN:26,(anonymous_1)
FN:29,(anonymous_2)
FN:45,(anonymous_3)
FN:46,(anonymous_4)
FN:60,(anonymous_5)
FN:61,(anonymous_6)
FN:76,(anonymous_7)
FN:82,(anonymous_8)
FN:95,(anonymous_9)
FN:97,(anonymous_10)
FN:110,(anonymous_11)
FN:113,(anonymous_12)
FN:122,(anonymous_13)
FNF:14
FNH:12
FNDA:1,(anonymous_0)
FNDA:2,(anonymous_1)
FNDA:2,(anonymous_2)
FNDA:2,(anonymous_3)
FNDA:2,(anonymous_4)
FNDA:2,(anonymous_5)
FNDA:2,(anonymous_6)
FNDA:1,(anonymous_7)
FNDA:1,(anonymous_8)
FNDA:1,(anonymous_9)
FNDA:1,(anonymous_10)
FNDA:0,(anonymous_11)
FNDA:0,(anonymous_12)
FNDA:3,(anonymous_13)
DA:15,1
DA:16,1
DA:27,2
DA:28,2
DA:29,2
DA:30,2
DA:31,2
DA:33,0
DA:34,0
DA:46,2
DA:47,2
DA:48,2
DA:50,0
DA:61,2
DA:62,2
DA:63,1
DA:64,1
DA:66,1
DA:77,1
DA:78,1
DA:80,1
DA:82,1
DA:83,1
DA:84,0
DA:86,1
DA:96,1
DA:97,1
DA:98,1
DA:99,0
DA:101,1
DA:112,0
DA:113,0
DA:114,0
DA:115,0
DA:117,0
DA:123,3
DA:124,3
DA:125,3
DA:130,1
DA:131,1
LF:40
LH:30
BRDA:30,0,0,2
BRDA:30,0,1,0
BRDA:47,1,0,2
BRDA:47,1,1,0
BRDA:62,2,0,1
BRDA:62,2,1,1
BRDA:83,3,0,0
BRDA:83,3,1,1
BRDA:98,4,0,0
BRDA:98,4,1,1
BRDA:114,5,0,0
BRDA:114,5,1,0
BRF:12
BRH:6
end_of_record
TN:
SF:/home/admin1/Desktop/fundoo/ServerSide/services/vendors/logger.js
FNF:0
FNH:0
DA:2,1
DA:3,1
DA:19,1
DA:20,1
DA:21,1
LF:5
LH:5
BRF:0
BRH:0
end_of_record
TN:
SF:/home/admin1/Desktop/fundoo/ServerSide/services/vendors/redisSet.js
FN:3,(anonymous_0)
FN:6,(anonymous_1)
FNF:2
FNH:2
FNDA:1,(anonymous_0)
FNDA:1,(anonymous_1)
DA:1,1
DA:2,1
DA:3,1
DA:4,1
DA:5,1
DA:6,1
DA:7,1
DA:8,0
DA:11,1
DA:12,1
DA:16,0
LF:11
LH:9
BRDA:7,0,0,0
BRDA:7,0,1,1
BRF:2
BRH:1
end_of_record
TN:
SF:/home/admin1/Desktop/fundoo/ServerSide/services/vendors/s3ApiServices.js
FN:30,(anonymous_0)
FN:37,(anonymous_1)
FN:38,(anonymous_2)
FN:49,(anonymous_3)
FN:57,(anonymous_4)
FN:60,(anonymous_5)
FNF:6
FNH:3
FNDA:1,(anonymous_0)
FNDA:1,(anonymous_1)
FNDA:0,(anonymous_2)
FNDA:1,(anonymous_3)
FNDA:0,(anonymous_4)
FNDA:0,(anonymous_5)
DA:20,1
DA:21,1
DA:22,1
DA:25,1
DA:26,1
DA:28,1
DA:31,1
DA:38,1
DA:39,0
DA:40,0
DA:43,0
DA:46,1
DA:50,1
DA:51,1
DA:58,0
DA:61,0
DA:66,1
DA:69,1
DA:71,1
LF:19
LH:14
BRDA:39,0,0,0
BRDA:39,0,1,0
BRDA:39,1,0,0
BRDA:39,1,1,0
BRF:4
BRH:0
end_of_record
TN:
SF:/home/admin1/Desktop/fundoo/ServerSide/services/vendors/sendMailer.js
FN:17,(anonymous_0)
FN:34,(anonymous_1)
FNF:2
FNH:2
FNDA:1,(anonymous_0)
FNDA:1,(anonymous_1)
DA:15,1
DA:17,1
DA:18,1
DA:20,1
DA:28,1
DA:34,1
DA:35,1
DA:36,0
DA:37,0
DA:39,1
DA:40,1
DA:44,0
LF:12
LH:9
BRDA:35,0,0,0
BRDA:35,0,1,1
BRF:2
BRH:1
end_of_record
TN:
SF:/home/admin1/Desktop/fundoo/ServerSide/services/vendors/tokenGen.js
FN:16,(anonymous_0)
FNF:1
FNH:1
FNDA:1,(anonymous_0)
DA:13,1
DA:15,1
DA:16,1
DA:17,1
DA:18,1
DA:19,1
DA:24,1
DA:26,0
LF:8
LH:7
BRF:0
BRH:0
end_of_record
