{"/home/admin1/Desktop/fundoo/ServerSide/server.js":{"path":"/home/admin1/Desktop/fundoo/ServerSide/server.js","statementMap":{"0":{"start":{"line":1,"column":16},"end":{"line":1,"column":34}},"1":{"start":{"line":2,"column":12},"end":{"line":2,"column":21}},"2":{"start":{"line":9,"column":13},"end":{"line":9,"column":28}},"3":{"start":{"line":10,"column":0},"end":{"line":10,"column":15}},"4":{"start":{"line":18,"column":15},"end":{"line":18,"column":32}},"5":{"start":{"line":19,"column":0},"end":{"line":19,"column":15}},"6":{"start":{"line":24,"column":17},"end":{"line":24,"column":39}},"7":{"start":{"line":25,"column":0},"end":{"line":25,"column":50}},"8":{"start":{"line":26,"column":0},"end":{"line":26,"column":26}},"9":{"start":{"line":29,"column":17},"end":{"line":29,"column":45}},"10":{"start":{"line":30,"column":0},"end":{"line":30,"column":21}},"11":{"start":{"line":32,"column":17},"end":{"line":32,"column":47}},"12":{"start":{"line":33,"column":15},"end":{"line":33,"column":45}},"13":{"start":{"line":34,"column":16},"end":{"line":34,"column":47}},"14":{"start":{"line":35,"column":0},"end":{"line":35,"column":24}},"15":{"start":{"line":36,"column":0},"end":{"line":36,"column":23}},"16":{"start":{"line":37,"column":0},"end":{"line":37,"column":24}},"17":{"start":{"line":42,"column":0},"end":{"line":44,"column":2}},"18":{"start":{"line":43,"column":2},"end":{"line":43,"column":46}},"19":{"start":{"line":46,"column":10},"end":{"line":46,"column":45}},"20":{"start":{"line":49,"column":15},"end":{"line":49,"column":34}},"21":{"start":{"line":50,"column":0},"end":{"line":50,"column":34}},"22":{"start":{"line":51,"column":0},"end":{"line":58,"column":4}},"23":{"start":{"line":53,"column":4},"end":{"line":53,"column":54}},"24":{"start":{"line":56,"column":4},"end":{"line":56,"column":60}},"25":{"start":{"line":57,"column":4},"end":{"line":57,"column":18}},"26":{"start":{"line":61,"column":12},"end":{"line":61,"column":28}},"27":{"start":{"line":62,"column":13},"end":{"line":62,"column":33}},"28":{"start":{"line":64,"column":0},"end":{"line":66,"column":3}},"29":{"start":{"line":65,"column":2},"end":{"line":65,"column":40}},"30":{"start":{"line":68,"column":0},"end":{"line":70,"column":3}},"31":{"start":{"line":69,"column":2},"end":{"line":69,"column":45}},"32":{"start":{"line":72,"column":0},"end":{"line":72,"column":20}}},"fnMap":{"0":{"name":"(anonymous_0)","decl":{"start":{"line":42,"column":29},"end":{"line":42,"column":30}},"loc":{"start":{"line":42,"column":35},"end":{"line":44,"column":1}},"line":42},"1":{"name":"(anonymous_1)","decl":{"start":{"line":52,"column":8},"end":{"line":52,"column":9}},"loc":{"start":{"line":52,"column":14},"end":{"line":55,"column":3}},"line":52},"2":{"name":"(anonymous_2)","decl":{"start":{"line":55,"column":11},"end":{"line":55,"column":12}},"loc":{"start":{"line":55,"column":20},"end":{"line":58,"column":3}},"line":55},"3":{"name":"(anonymous_3)","decl":{"start":{"line":64,"column":21},"end":{"line":64,"column":22}},"loc":{"start":{"line":64,"column":33},"end":{"line":66,"column":1}},"line":64},"4":{"name":"(anonymous_4)","decl":{"start":{"line":68,"column":19},"end":{"line":68,"column":20}},"loc":{"start":{"line":68,"column":34},"end":{"line":70,"column":1}},"line":68}},"branchMap":{},"s":{"0":1,"1":1,"2":1,"3":1,"4":1,"5":1,"6":1,"7":1,"8":1,"9":1,"10":1,"11":1,"12":1,"13":1,"14":1,"15":1,"16":1,"17":1,"18":1,"19":1,"20":1,"21":1,"22":1,"23":1,"24":0,"25":0,"26":1,"27":1,"28":1,"29":1,"30":1,"31":0,"32":1},"f":{"0":1,"1":1,"2":0,"3":1,"4":0},"b":{},"_coverageSchema":"43e27e138ebf9cfc5966b082cf9a028302ed4184","hash":"698e7e06a2990abee2330efe41b3dc1d8a9445d7","contentHash":"e51592c60e0edf2c79dd73fc43bb1c3174b0eadf00eabcdb0efe8c62bc0aa565"},"/home/admin1/Desktop/fundoo/ServerSide/router/userRouter.js":{"path":"/home/admin1/Desktop/fundoo/ServerSide/router/userRouter.js","statementMap":{"0":{"start":{"line":12,"column":17},"end":{"line":12,"column":56}},"1":{"start":{"line":14,"column":14},"end":{"line":14,"column":32}},"2":{"start":{"line":15,"column":13},"end":{"line":15,"column":29}},"3":{"start":{"line":16,"column":13},"end":{"line":16,"column":57}},"4":{"start":{"line":17,"column":11},"end":{"line":17,"column":50}},"5":{"start":{"line":20,"column":0},"end":{"line":20,"column":58}},"6":{"start":{"line":21,"column":0},"end":{"line":21,"column":83}},"7":{"start":{"line":22,"column":0},"end":{"line":22,"column":52}},"8":{"start":{"line":23,"column":0},"end":{"line":23,"column":70}},"9":{"start":{"line":24,"column":0},"end":{"line":24,"column":85}},"10":{"start":{"line":26,"column":0},"end":{"line":26,"column":97}},"11":{"start":{"line":27,"column":0},"end":{"line":27,"column":21}}},"fnMap":{},"branchMap":{},"s":{"0":1,"1":1,"2":1,"3":1,"4":1,"5":1,"6":1,"7":1,"8":1,"9":1,"10":1,"11":1},"f":{},"b":{},"_coverageSchema":"43e27e138ebf9cfc5966b082cf9a028302ed4184","hash":"b4fda11ac3648fc4833de1fa525f30391333afe1","contentHash":"e44a4f80c83f17de6776c05ec429531907ff5156de4db44c3f40cc1f5b657789"},"/home/admin1/Desktop/fundoo/ServerSide/controller/userController.js":{"path":"/home/admin1/Desktop/fundoo/ServerSide/controller/userController.js","statementMap":{"0":{"start":{"line":12,"column":17},"end":{"line":12,"column":61}},"1":{"start":{"line":13,"column":18},"end":{"line":13,"column":57}},"2":{"start":{"line":14,"column":19},"end":{"line":14,"column":60}},"3":{"start":{"line":15,"column":17},"end":{"line":15,"column":56}},"4":{"start":{"line":24,"column":0},"end":{"line":77,"column":1}},"5":{"start":{"line":25,"column":4},"end":{"line":76,"column":5}},"6":{"start":{"line":26,"column":19},"end":{"line":32,"column":9}},"7":{"start":{"line":35,"column":8},"end":{"line":35,"column":92}},"8":{"start":{"line":36,"column":8},"end":{"line":36,"column":90}},"9":{"start":{"line":37,"column":8},"end":{"line":37,"column":62}},"10":{"start":{"line":38,"column":8},"end":{"line":38,"column":79}},"11":{"start":{"line":40,"column":21},"end":{"line":40,"column":43}},"12":{"start":{"line":41,"column":23},"end":{"line":41,"column":25}},"13":{"start":{"line":42,"column":8},"end":{"line":72,"column":9}},"14":{"start":{"line":43,"column":12},"end":{"line":43,"column":36}},"15":{"start":{"line":44,"column":12},"end":{"line":44,"column":35}},"16":{"start":{"line":45,"column":12},"end":{"line":45,"column":49}},"17":{"start":{"line":49,"column":12},"end":{"line":71,"column":14}},"18":{"start":{"line":50,"column":16},"end":{"line":70,"column":17}},"19":{"start":{"line":51,"column":20},"end":{"line":51,"column":79}},"20":{"start":{"line":52,"column":20},"end":{"line":52,"column":52}},"21":{"start":{"line":54,"column":20},"end":{"line":54,"column":49}},"22":{"start":{"line":55,"column":36},"end":{"line":55,"column":51}},"23":{"start":{"line":57,"column":34},"end":{"line":57,"column":61}},"24":{"start":{"line":59,"column":20},"end":{"line":59,"column":53}},"25":{"start":{"line":61,"column":32},"end":{"line":61,"column":67}},"26":{"start":{"line":62,"column":34},"end":{"line":62,"column":59}},"27":{"start":{"line":63,"column":20},"end":{"line":63,"column":55}},"28":{"start":{"line":64,"column":20},"end":{"line":69,"column":22}},"29":{"start":{"line":74,"column":8},"end":{"line":74,"column":62}},"30":{"start":{"line":75,"column":8},"end":{"line":75,"column":21}},"31":{"start":{"line":84,"column":0},"end":{"line":130,"column":1}},"32":{"start":{"line":85,"column":4},"end":{"line":129,"column":5}},"33":{"start":{"line":86,"column":19},"end":{"line":91,"column":9}},"34":{"start":{"line":93,"column":8},"end":{"line":93,"column":95}},"35":{"start":{"line":94,"column":8},"end":{"line":94,"column":110}},"36":{"start":{"line":95,"column":21},"end":{"line":95,"column":43}},"37":{"start":{"line":96,"column":23},"end":{"line":96,"column":25}},"38":{"start":{"line":97,"column":8},"end":{"line":124,"column":9}},"39":{"start":{"line":98,"column":12},"end":{"line":98,"column":37}},"40":{"start":{"line":99,"column":12},"end":{"line":99,"column":36}},"41":{"start":{"line":100,"column":12},"end":{"line":100,"column":49}},"42":{"start":{"line":103,"column":12},"end":{"line":123,"column":14}},"43":{"start":{"line":104,"column":16},"end":{"line":104,"column":59}},"44":{"start":{"line":105,"column":16},"end":{"line":122,"column":17}},"45":{"start":{"line":106,"column":20},"end":{"line":106,"column":36}},"46":{"start":{"line":107,"column":20},"end":{"line":107,"column":52}},"47":{"start":{"line":109,"column":20},"end":{"line":109,"column":63}},"48":{"start":{"line":110,"column":20},"end":{"line":110,"column":51}},"49":{"start":{"line":111,"column":36},"end":{"line":111,"column":54}},"50":{"start":{"line":113,"column":34},"end":{"line":113,"column":61}},"51":{"start":{"line":115,"column":20},"end":{"line":115,"column":53}},"52":{"start":{"line":116,"column":20},"end":{"line":121,"column":22}},"53":{"start":{"line":126,"column":8},"end":{"line":126,"column":57}},"54":{"start":{"line":127,"column":8},"end":{"line":127,"column":21}},"55":{"start":{"line":137,"column":0},"end":{"line":183,"column":1}},"56":{"start":{"line":138,"column":4},"end":{"line":182,"column":5}},"57":{"start":{"line":140,"column":19},"end":{"line":142,"column":9}},"58":{"start":{"line":144,"column":8},"end":{"line":144,"column":62}},"59":{"start":{"line":145,"column":21},"end":{"line":145,"column":43}},"60":{"start":{"line":146,"column":23},"end":{"line":146,"column":25}},"61":{"start":{"line":147,"column":8},"end":{"line":178,"column":9}},"62":{"start":{"line":148,"column":12},"end":{"line":148,"column":36}},"63":{"start":{"line":149,"column":12},"end":{"line":149,"column":35}},"64":{"start":{"line":150,"column":12},"end":{"line":150,"column":49}},"65":{"start":{"line":154,"column":12},"end":{"line":177,"column":14}},"66":{"start":{"line":155,"column":16},"end":{"line":176,"column":17}},"67":{"start":{"line":156,"column":20},"end":{"line":156,"column":79}},"68":{"start":{"line":157,"column":20},"end":{"line":157,"column":52}},"69":{"start":{"line":159,"column":20},"end":{"line":159,"column":53}},"70":{"start":{"line":160,"column":36},"end":{"line":160,"column":54}},"71":{"start":{"line":163,"column":34},"end":{"line":163,"column":61}},"72":{"start":{"line":165,"column":20},"end":{"line":165,"column":53}},"73":{"start":{"line":167,"column":32},"end":{"line":167,"column":67}},"74":{"start":{"line":168,"column":34},"end":{"line":168,"column":54}},"75":{"start":{"line":169,"column":20},"end":{"line":169,"column":55}},"76":{"start":{"line":170,"column":20},"end":{"line":175,"column":22}},"77":{"start":{"line":180,"column":8},"end":{"line":180,"column":75}},"78":{"start":{"line":181,"column":8},"end":{"line":181,"column":21}},"79":{"start":{"line":190,"column":0},"end":{"line":223,"column":1}},"80":{"start":{"line":191,"column":4},"end":{"line":222,"column":5}},"81":{"start":{"line":192,"column":19},"end":{"line":195,"column":9}},"82":{"start":{"line":196,"column":8},"end":{"line":196,"column":79}},"83":{"start":{"line":197,"column":23},"end":{"line":197,"column":45}},"84":{"start":{"line":198,"column":25},"end":{"line":201,"column":9}},"85":{"start":{"line":202,"column":8},"end":{"line":218,"column":9}},"86":{"start":{"line":203,"column":12},"end":{"line":203,"column":42}},"87":{"start":{"line":206,"column":12},"end":{"line":217,"column":14}},"88":{"start":{"line":207,"column":16},"end":{"line":216,"column":17}},"89":{"start":{"line":208,"column":20},"end":{"line":208,"column":45}},"90":{"start":{"line":210,"column":20},"end":{"line":215,"column":21}},"91":{"start":{"line":220,"column":8},"end":{"line":220,"column":66}},"92":{"start":{"line":221,"column":8},"end":{"line":221,"column":21}},"93":{"start":{"line":231,"column":0},"end":{"line":253,"column":1}},"94":{"start":{"line":232,"column":4},"end":{"line":252,"column":5}},"95":{"start":{"line":234,"column":19},"end":{"line":236,"column":9}},"96":{"start":{"line":237,"column":8},"end":{"line":247,"column":10}},"97":{"start":{"line":238,"column":12},"end":{"line":246,"column":13}},"98":{"start":{"line":239,"column":16},"end":{"line":239,"column":41}},"99":{"start":{"line":241,"column":16},"end":{"line":245,"column":18}},"100":{"start":{"line":250,"column":8},"end":{"line":250,"column":66}},"101":{"start":{"line":251,"column":8},"end":{"line":251,"column":21}},"102":{"start":{"line":261,"column":0},"end":{"line":288,"column":1}},"103":{"start":{"line":262,"column":4},"end":{"line":287,"column":5}},"104":{"start":{"line":264,"column":8},"end":{"line":264,"column":67}},"105":{"start":{"line":265,"column":19},"end":{"line":268,"column":9}},"106":{"start":{"line":269,"column":8},"end":{"line":284,"column":10}},"107":{"start":{"line":270,"column":12},"end":{"line":282,"column":13}},"108":{"start":{"line":271,"column":16},"end":{"line":271,"column":33}},"109":{"start":{"line":272,"column":16},"end":{"line":274,"column":18}},"110":{"start":{"line":276,"column":16},"end":{"line":276,"column":59}},"111":{"start":{"line":277,"column":16},"end":{"line":281,"column":19}},"112":{"start":{"line":286,"column":8},"end":{"line":286,"column":21}}},"fnMap":{"0":{"name":"(anonymous_0)","decl":{"start":{"line":24,"column":40},"end":{"line":24,"column":41}},"loc":{"start":{"line":24,"column":54},"end":{"line":77,"column":1}},"line":24},"1":{"name":"(anonymous_1)","decl":{"start":{"line":49,"column":47},"end":{"line":49,"column":48}},"loc":{"start":{"line":49,"column":62},"end":{"line":71,"column":13}},"line":49},"2":{"name":"(anonymous_2)","decl":{"start":{"line":84,"column":37},"end":{"line":84,"column":38}},"loc":{"start":{"line":84,"column":51},"end":{"line":130,"column":1}},"line":84},"3":{"name":"(anonymous_3)","decl":{"start":{"line":103,"column":44},"end":{"line":103,"column":45}},"loc":{"start":{"line":103,"column":59},"end":{"line":123,"column":13}},"line":103},"4":{"name":"(anonymous_4)","decl":{"start":{"line":137,"column":46},"end":{"line":137,"column":47}},"loc":{"start":{"line":137,"column":60},"end":{"line":183,"column":1}},"line":137},"5":{"name":"(anonymous_5)","decl":{"start":{"line":154,"column":53},"end":{"line":154,"column":54}},"loc":{"start":{"line":154,"column":68},"end":{"line":177,"column":13}},"line":154},"6":{"name":"(anonymous_6)","decl":{"start":{"line":190,"column":45},"end":{"line":190,"column":46}},"loc":{"start":{"line":190,"column":59},"end":{"line":223,"column":1}},"line":190},"7":{"name":"(anonymous_7)","decl":{"start":{"line":206,"column":52},"end":{"line":206,"column":53}},"loc":{"start":{"line":206,"column":67},"end":{"line":217,"column":13}},"line":206},"8":{"name":"(anonymous_8)","decl":{"start":{"line":231,"column":44},"end":{"line":231,"column":45}},"loc":{"start":{"line":231,"column":58},"end":{"line":253,"column":1}},"line":231},"9":{"name":"(anonymous_9)","decl":{"start":{"line":237,"column":47},"end":{"line":237,"column":48}},"loc":{"start":{"line":237,"column":62},"end":{"line":247,"column":9}},"line":237},"10":{"name":"(anonymous_10)","decl":{"start":{"line":261,"column":43},"end":{"line":261,"column":44}},"loc":{"start":{"line":261,"column":57},"end":{"line":288,"column":1}},"line":261},"11":{"name":"(anonymous_11)","decl":{"start":{"line":269,"column":47},"end":{"line":269,"column":48}},"loc":{"start":{"line":269,"column":62},"end":{"line":284,"column":9}},"line":269}},"branchMap":{"0":{"loc":{"start":{"line":42,"column":8},"end":{"line":72,"column":9}},"type":"if","locations":[{"start":{"line":42,"column":8},"end":{"line":72,"column":9}},{"start":{"line":42,"column":8},"end":{"line":72,"column":9}}],"line":42},"1":{"loc":{"start":{"line":50,"column":16},"end":{"line":70,"column":17}},"type":"if","locations":[{"start":{"line":50,"column":16},"end":{"line":70,"column":17}},{"start":{"line":50,"column":16},"end":{"line":70,"column":17}}],"line":50},"2":{"loc":{"start":{"line":97,"column":8},"end":{"line":124,"column":9}},"type":"if","locations":[{"start":{"line":97,"column":8},"end":{"line":124,"column":9}},{"start":{"line":97,"column":8},"end":{"line":124,"column":9}}],"line":97},"3":{"loc":{"start":{"line":105,"column":16},"end":{"line":122,"column":17}},"type":"if","locations":[{"start":{"line":105,"column":16},"end":{"line":122,"column":17}},{"start":{"line":105,"column":16},"end":{"line":122,"column":17}}],"line":105},"4":{"loc":{"start":{"line":147,"column":8},"end":{"line":178,"column":9}},"type":"if","locations":[{"start":{"line":147,"column":8},"end":{"line":178,"column":9}},{"start":{"line":147,"column":8},"end":{"line":178,"column":9}}],"line":147},"5":{"loc":{"start":{"line":155,"column":16},"end":{"line":176,"column":17}},"type":"if","locations":[{"start":{"line":155,"column":16},"end":{"line":176,"column":17}},{"start":{"line":155,"column":16},"end":{"line":176,"column":17}}],"line":155},"6":{"loc":{"start":{"line":202,"column":8},"end":{"line":218,"column":9}},"type":"if","locations":[{"start":{"line":202,"column":8},"end":{"line":218,"column":9}},{"start":{"line":202,"column":8},"end":{"line":218,"column":9}}],"line":202},"7":{"loc":{"start":{"line":207,"column":16},"end":{"line":216,"column":17}},"type":"if","locations":[{"start":{"line":207,"column":16},"end":{"line":216,"column":17}},{"start":{"line":207,"column":16},"end":{"line":216,"column":17}}],"line":207},"8":{"loc":{"start":{"line":238,"column":12},"end":{"line":246,"column":13}},"type":"if","locations":[{"start":{"line":238,"column":12},"end":{"line":246,"column":13}},{"start":{"line":238,"column":12},"end":{"line":246,"column":13}}],"line":238},"9":{"loc":{"start":{"line":270,"column":12},"end":{"line":282,"column":13}},"type":"if","locations":[{"start":{"line":270,"column":12},"end":{"line":282,"column":13}},{"start":{"line":270,"column":12},"end":{"line":282,"column":13}}],"line":270}},"s":{"0":1,"1":1,"2":1,"3":1,"4":1,"5":3,"6":3,"7":3,"8":3,"9":3,"10":3,"11":3,"12":3,"13":3,"14":1,"15":1,"16":1,"17":2,"18":2,"19":2,"20":2,"21":0,"22":0,"23":0,"24":0,"25":0,"26":0,"27":0,"28":0,"29":0,"30":0,"31":1,"32":3,"33":3,"34":3,"35":3,"36":3,"37":3,"38":3,"39":1,"40":1,"41":1,"42":2,"43":2,"44":2,"45":2,"46":2,"47":0,"48":0,"49":0,"50":0,"51":0,"52":0,"53":0,"54":0,"55":1,"56":3,"57":3,"58":3,"59":3,"60":3,"61":3,"62":1,"63":1,"64":1,"65":2,"66":2,"67":1,"68":1,"69":1,"70":1,"71":1,"72":1,"73":1,"74":1,"75":1,"76":1,"77":0,"78":0,"79":1,"80":2,"81":2,"82":2,"83":2,"84":2,"85":2,"86":1,"87":1,"88":1,"89":0,"90":1,"91":0,"92":0,"93":1,"94":1,"95":1,"96":1,"97":1,"98":0,"99":1,"100":0,"101":0,"102":1,"103":2,"104":2,"105":0,"106":0,"107":0,"108":0,"109":0,"110":0,"111":0,"112":2},"f":{"0":3,"1":2,"2":3,"3":2,"4":3,"5":2,"6":2,"7":1,"8":1,"9":1,"10":2,"11":0},"b":{"0":[1,2],"1":[2,0],"2":[1,2],"3":[2,0],"4":[1,2],"5":[1,1],"6":[1,1],"7":[0,1],"8":[0,1],"9":[0,0]},"_coverageSchema":"43e27e138ebf9cfc5966b082cf9a028302ed4184","hash":"10a294eb1b2b7d658ca31bc139f0c2974c4b5070","contentHash":"9e7d4fa7c045b5db95ea3e5e20fb53cd2f1f3505fc2e54619909189a6ecd84db"},"/home/admin1/Desktop/fundoo/ServerSide/services/Internal/userServices.js":{"path":"/home/admin1/Desktop/fundoo/ServerSide/services/Internal/userServices.js","statementMap":{"0":{"start":{"line":15,"column":14},"end":{"line":15,"column":86}},"1":{"start":{"line":16,"column":17},"end":{"line":16,"column":36}},"2":{"start":{"line":27,"column":27},"end":{"line":27,"column":51}},"3":{"start":{"line":28,"column":8},"end":{"line":28,"column":40}},"4":{"start":{"line":29,"column":8},"end":{"line":36,"column":10}},"5":{"start":{"line":30,"column":12},"end":{"line":35,"column":13}},"6":{"start":{"line":31,"column":16},"end":{"line":31,"column":36}},"7":{"start":{"line":33,"column":16},"end":{"line":33,"column":56}},"8":{"start":{"line":34,"column":16},"end":{"line":34,"column":43}},"9":{"start":{"line":46,"column":8},"end":{"line":52,"column":10}},"10":{"start":{"line":47,"column":12},"end":{"line":51,"column":13}},"11":{"start":{"line":48,"column":16},"end":{"line":48,"column":36}},"12":{"start":{"line":50,"column":16},"end":{"line":50,"column":43}},"13":{"start":{"line":61,"column":8},"end":{"line":68,"column":10}},"14":{"start":{"line":62,"column":12},"end":{"line":67,"column":13}},"15":{"start":{"line":63,"column":16},"end":{"line":63,"column":61}},"16":{"start":{"line":64,"column":16},"end":{"line":64,"column":36}},"17":{"start":{"line":66,"column":16},"end":{"line":66,"column":43}},"18":{"start":{"line":77,"column":8},"end":{"line":77,"column":39}},"19":{"start":{"line":78,"column":27},"end":{"line":78,"column":51}},"20":{"start":{"line":80,"column":20},"end":{"line":80,"column":46}},"21":{"start":{"line":82,"column":8},"end":{"line":88,"column":10}},"22":{"start":{"line":83,"column":12},"end":{"line":87,"column":13}},"23":{"start":{"line":84,"column":16},"end":{"line":84,"column":36}},"24":{"start":{"line":86,"column":16},"end":{"line":86,"column":43}},"25":{"start":{"line":96,"column":20},"end":{"line":96,"column":40}},"26":{"start":{"line":97,"column":8},"end":{"line":103,"column":10}},"27":{"start":{"line":98,"column":12},"end":{"line":102,"column":13}},"28":{"start":{"line":99,"column":16},"end":{"line":99,"column":36}},"29":{"start":{"line":101,"column":16},"end":{"line":101,"column":43}},"30":{"start":{"line":112,"column":20},"end":{"line":112,"column":49}},"31":{"start":{"line":113,"column":8},"end":{"line":119,"column":10}},"32":{"start":{"line":114,"column":12},"end":{"line":118,"column":13}},"33":{"start":{"line":115,"column":16},"end":{"line":115,"column":36}},"34":{"start":{"line":117,"column":16},"end":{"line":117,"column":43}},"35":{"start":{"line":123,"column":19},"end":{"line":123,"column":43}},"36":{"start":{"line":124,"column":27},"end":{"line":124,"column":60}},"37":{"start":{"line":125,"column":8},"end":{"line":125,"column":27}},"38":{"start":{"line":130,"column":10},"end":{"line":130,"column":28}},"39":{"start":{"line":131,"column":0},"end":{"line":131,"column":18}}},"fnMap":{"0":{"name":"(anonymous_0)","decl":{"start":{"line":19,"column":4},"end":{"line":19,"column":5}},"loc":{"start":{"line":19,"column":18},"end":{"line":19,"column":21}},"line":19},"1":{"name":"(anonymous_1)","decl":{"start":{"line":26,"column":4},"end":{"line":26,"column":5}},"loc":{"start":{"line":26,"column":40},"end":{"line":38,"column":5}},"line":26},"2":{"name":"(anonymous_2)","decl":{"start":{"line":29,"column":24},"end":{"line":29,"column":25}},"loc":{"start":{"line":29,"column":39},"end":{"line":36,"column":9}},"line":29},"3":{"name":"(anonymous_3)","decl":{"start":{"line":45,"column":4},"end":{"line":45,"column":5}},"loc":{"start":{"line":45,"column":37},"end":{"line":53,"column":5}},"line":45},"4":{"name":"(anonymous_4)","decl":{"start":{"line":46,"column":27},"end":{"line":46,"column":28}},"loc":{"start":{"line":46,"column":42},"end":{"line":52,"column":9}},"line":46},"5":{"name":"(anonymous_5)","decl":{"start":{"line":60,"column":4},"end":{"line":60,"column":5}},"loc":{"start":{"line":60,"column":45},"end":{"line":69,"column":5}},"line":60},"6":{"name":"(anonymous_6)","decl":{"start":{"line":61,"column":23},"end":{"line":61,"column":24}},"loc":{"start":{"line":61,"column":38},"end":{"line":68,"column":9}},"line":61},"7":{"name":"(anonymous_7)","decl":{"start":{"line":76,"column":4},"end":{"line":76,"column":5}},"loc":{"start":{"line":76,"column":45},"end":{"line":89,"column":5}},"line":76},"8":{"name":"(anonymous_8)","decl":{"start":{"line":82,"column":34},"end":{"line":82,"column":35}},"loc":{"start":{"line":82,"column":49},"end":{"line":88,"column":9}},"line":82},"9":{"name":"(anonymous_9)","decl":{"start":{"line":95,"column":4},"end":{"line":95,"column":5}},"loc":{"start":{"line":95,"column":44},"end":{"line":104,"column":5}},"line":95},"10":{"name":"(anonymous_10)","decl":{"start":{"line":97,"column":34},"end":{"line":97,"column":35}},"loc":{"start":{"line":97,"column":49},"end":{"line":103,"column":9}},"line":97},"11":{"name":"(anonymous_11)","decl":{"start":{"line":110,"column":4},"end":{"line":110,"column":5}},"loc":{"start":{"line":110,"column":44},"end":{"line":120,"column":5}},"line":110},"12":{"name":"(anonymous_12)","decl":{"start":{"line":113,"column":34},"end":{"line":113,"column":35}},"loc":{"start":{"line":113,"column":49},"end":{"line":119,"column":9}},"line":113},"13":{"name":"(anonymous_13)","decl":{"start":{"line":122,"column":4},"end":{"line":122,"column":5}},"loc":{"start":{"line":122,"column":19},"end":{"line":126,"column":5}},"line":122}},"branchMap":{"0":{"loc":{"start":{"line":30,"column":12},"end":{"line":35,"column":13}},"type":"if","locations":[{"start":{"line":30,"column":12},"end":{"line":35,"column":13}},{"start":{"line":30,"column":12},"end":{"line":35,"column":13}}],"line":30},"1":{"loc":{"start":{"line":47,"column":12},"end":{"line":51,"column":13}},"type":"if","locations":[{"start":{"line":47,"column":12},"end":{"line":51,"column":13}},{"start":{"line":47,"column":12},"end":{"line":51,"column":13}}],"line":47},"2":{"loc":{"start":{"line":62,"column":12},"end":{"line":67,"column":13}},"type":"if","locations":[{"start":{"line":62,"column":12},"end":{"line":67,"column":13}},{"start":{"line":62,"column":12},"end":{"line":67,"column":13}}],"line":62},"3":{"loc":{"start":{"line":83,"column":12},"end":{"line":87,"column":13}},"type":"if","locations":[{"start":{"line":83,"column":12},"end":{"line":87,"column":13}},{"start":{"line":83,"column":12},"end":{"line":87,"column":13}}],"line":83},"4":{"loc":{"start":{"line":98,"column":12},"end":{"line":102,"column":13}},"type":"if","locations":[{"start":{"line":98,"column":12},"end":{"line":102,"column":13}},{"start":{"line":98,"column":12},"end":{"line":102,"column":13}}],"line":98},"5":{"loc":{"start":{"line":114,"column":12},"end":{"line":118,"column":13}},"type":"if","locations":[{"start":{"line":114,"column":12},"end":{"line":118,"column":13}},{"start":{"line":114,"column":12},"end":{"line":118,"column":13}}],"line":114}},"s":{"0":1,"1":1,"2":2,"3":2,"4":2,"5":2,"6":2,"7":0,"8":0,"9":2,"10":2,"11":2,"12":0,"13":2,"14":2,"15":1,"16":1,"17":1,"18":1,"19":1,"20":1,"21":1,"22":1,"23":0,"24":1,"25":1,"26":1,"27":1,"28":0,"29":1,"30":0,"31":0,"32":0,"33":0,"34":0,"35":3,"36":3,"37":3,"38":1,"39":1},"f":{"0":1,"1":2,"2":2,"3":2,"4":2,"5":2,"6":2,"7":1,"8":1,"9":1,"10":1,"11":0,"12":0,"13":3},"b":{"0":[2,0],"1":[2,0],"2":[1,1],"3":[0,1],"4":[0,1],"5":[0,0]},"_coverageSchema":"43e27e138ebf9cfc5966b082cf9a028302ed4184","hash":"9ef2d933805d9b49efac81134242ad45b70c96d7","contentHash":"d004caa3f6e59f9e059475164be066dae4982ab514b3b7bdee913dc9fdca46b8"},"/home/admin1/Desktop/fundoo/ServerSide/app/model/userModel.js":{"path":"/home/admin1/Desktop/fundoo/ServerSide/app/model/userModel.js","statementMap":{"0":{"start":{"line":18,"column":17},"end":{"line":18,"column":36}},"1":{"start":{"line":19,"column":16},"end":{"line":19,"column":45}},"2":{"start":{"line":26,"column":17},"end":{"line":26,"column":36}},"3":{"start":{"line":28,"column":15},"end":{"line":28,"column":30}},"4":{"start":{"line":29,"column":19},"end":{"line":63,"column":6}},"5":{"start":{"line":65,"column":20},"end":{"line":71,"column":1}},"6":{"start":{"line":72,"column":11},"end":{"line":72,"column":45}},"7":{"start":{"line":85,"column":8},"end":{"line":107,"column":9}},"8":{"start":{"line":86,"column":26},"end":{"line":92,"column":14}},"9":{"start":{"line":96,"column":12},"end":{"line":104,"column":14}},"10":{"start":{"line":97,"column":16},"end":{"line":103,"column":17}},"11":{"start":{"line":98,"column":20},"end":{"line":98,"column":57}},"12":{"start":{"line":99,"column":20},"end":{"line":99,"column":40}},"13":{"start":{"line":101,"column":20},"end":{"line":101,"column":65}},"14":{"start":{"line":102,"column":20},"end":{"line":102,"column":47}},"15":{"start":{"line":106,"column":12},"end":{"line":106,"column":25}},"16":{"start":{"line":116,"column":8},"end":{"line":146,"column":9}},"17":{"start":{"line":117,"column":12},"end":{"line":117,"column":49}},"18":{"start":{"line":118,"column":12},"end":{"line":143,"column":14}},"19":{"start":{"line":119,"column":16},"end":{"line":141,"column":17}},"20":{"start":{"line":120,"column":20},"end":{"line":120,"column":67}},"21":{"start":{"line":121,"column":20},"end":{"line":121,"column":40}},"22":{"start":{"line":123,"column":21},"end":{"line":141,"column":17}},"23":{"start":{"line":125,"column":20},"end":{"line":136,"column":22}},"24":{"start":{"line":126,"column":24},"end":{"line":135,"column":25}},"25":{"start":{"line":127,"column":28},"end":{"line":127,"column":48}},"26":{"start":{"line":128,"column":31},"end":{"line":135,"column":25}},"27":{"start":{"line":129,"column":28},"end":{"line":129,"column":60}},"28":{"start":{"line":130,"column":28},"end":{"line":130,"column":44}},"29":{"start":{"line":131,"column":28},"end":{"line":131,"column":57}},"30":{"start":{"line":133,"column":28},"end":{"line":133,"column":66}},"31":{"start":{"line":134,"column":28},"end":{"line":134,"column":65}},"32":{"start":{"line":139,"column":20},"end":{"line":139,"column":73}},"33":{"start":{"line":140,"column":20},"end":{"line":140,"column":65}},"34":{"start":{"line":145,"column":12},"end":{"line":145,"column":25}},"35":{"start":{"line":156,"column":8},"end":{"line":170,"column":9}},"36":{"start":{"line":157,"column":12},"end":{"line":167,"column":14}},"37":{"start":{"line":158,"column":16},"end":{"line":166,"column":17}},"38":{"start":{"line":159,"column":20},"end":{"line":159,"column":33}},"39":{"start":{"line":160,"column":23},"end":{"line":166,"column":17}},"40":{"start":{"line":161,"column":20},"end":{"line":161,"column":69}},"41":{"start":{"line":162,"column":20},"end":{"line":162,"column":47}},"42":{"start":{"line":164,"column":20},"end":{"line":164,"column":52}},"43":{"start":{"line":165,"column":20},"end":{"line":165,"column":56}},"44":{"start":{"line":169,"column":12},"end":{"line":169,"column":25}},"45":{"start":{"line":179,"column":8},"end":{"line":195,"column":9}},"46":{"start":{"line":181,"column":12},"end":{"line":190,"column":14}},"47":{"start":{"line":182,"column":16},"end":{"line":189,"column":17}},"48":{"start":{"line":183,"column":20},"end":{"line":183,"column":62}},"49":{"start":{"line":184,"column":20},"end":{"line":184,"column":41}},"50":{"start":{"line":187,"column":20},"end":{"line":187,"column":68}},"51":{"start":{"line":188,"column":20},"end":{"line":188,"column":49}},"52":{"start":{"line":194,"column":12},"end":{"line":194,"column":25}},"53":{"start":{"line":198,"column":21},"end":{"line":198,"column":36}},"54":{"start":{"line":199,"column":0},"end":{"line":199,"column":29}}},"fnMap":{"0":{"name":"(anonymous_0)","decl":{"start":{"line":76,"column":4},"end":{"line":76,"column":5}},"loc":{"start":{"line":76,"column":18},"end":{"line":76,"column":21}},"line":76},"1":{"name":"(anonymous_1)","decl":{"start":{"line":84,"column":4},"end":{"line":84,"column":5}},"loc":{"start":{"line":84,"column":24},"end":{"line":108,"column":5}},"line":84},"2":{"name":"(anonymous_2)","decl":{"start":{"line":96,"column":25},"end":{"line":96,"column":26}},"loc":{"start":{"line":96,"column":40},"end":{"line":104,"column":13}},"line":96},"3":{"name":"(anonymous_3)","decl":{"start":{"line":115,"column":4},"end":{"line":115,"column":5}},"loc":{"start":{"line":115,"column":27},"end":{"line":147,"column":5}},"line":115},"4":{"name":"(anonymous_4)","decl":{"start":{"line":118,"column":81},"end":{"line":118,"column":82}},"loc":{"start":{"line":118,"column":98},"end":{"line":143,"column":13}},"line":118},"5":{"name":"(anonymous_5)","decl":{"start":{"line":125,"column":72},"end":{"line":125,"column":73}},"loc":{"start":{"line":125,"column":86},"end":{"line":136,"column":21}},"line":125},"6":{"name":"(anonymous_6)","decl":{"start":{"line":155,"column":4},"end":{"line":155,"column":5}},"loc":{"start":{"line":155,"column":24},"end":{"line":171,"column":5}},"line":155},"7":{"name":"(anonymous_7)","decl":{"start":{"line":157,"column":47},"end":{"line":157,"column":48}},"loc":{"start":{"line":157,"column":62},"end":{"line":167,"column":13}},"line":157},"8":{"name":"(anonymous_8)","decl":{"start":{"line":178,"column":4},"end":{"line":178,"column":5}},"loc":{"start":{"line":178,"column":34},"end":{"line":196,"column":5}},"line":178},"9":{"name":"(anonymous_9)","decl":{"start":{"line":181,"column":65},"end":{"line":181,"column":66}},"loc":{"start":{"line":181,"column":82},"end":{"line":190,"column":13}},"line":181}},"branchMap":{"0":{"loc":{"start":{"line":97,"column":16},"end":{"line":103,"column":17}},"type":"if","locations":[{"start":{"line":97,"column":16},"end":{"line":103,"column":17}},{"start":{"line":97,"column":16},"end":{"line":103,"column":17}}],"line":97},"1":{"loc":{"start":{"line":119,"column":16},"end":{"line":141,"column":17}},"type":"if","locations":[{"start":{"line":119,"column":16},"end":{"line":141,"column":17}},{"start":{"line":119,"column":16},"end":{"line":141,"column":17}}],"line":119},"2":{"loc":{"start":{"line":123,"column":21},"end":{"line":141,"column":17}},"type":"if","locations":[{"start":{"line":123,"column":21},"end":{"line":141,"column":17}},{"start":{"line":123,"column":21},"end":{"line":141,"column":17}}],"line":123},"3":{"loc":{"start":{"line":126,"column":24},"end":{"line":135,"column":25}},"type":"if","locations":[{"start":{"line":126,"column":24},"end":{"line":135,"column":25}},{"start":{"line":126,"column":24},"end":{"line":135,"column":25}}],"line":126},"4":{"loc":{"start":{"line":128,"column":31},"end":{"line":135,"column":25}},"type":"if","locations":[{"start":{"line":128,"column":31},"end":{"line":135,"column":25}},{"start":{"line":128,"column":31},"end":{"line":135,"column":25}}],"line":128},"5":{"loc":{"start":{"line":158,"column":16},"end":{"line":166,"column":17}},"type":"if","locations":[{"start":{"line":158,"column":16},"end":{"line":166,"column":17}},{"start":{"line":158,"column":16},"end":{"line":166,"column":17}}],"line":158},"6":{"loc":{"start":{"line":160,"column":23},"end":{"line":166,"column":17}},"type":"if","locations":[{"start":{"line":160,"column":23},"end":{"line":166,"column":17}},{"start":{"line":160,"column":23},"end":{"line":166,"column":17}}],"line":160},"7":{"loc":{"start":{"line":182,"column":16},"end":{"line":189,"column":17}},"type":"if","locations":[{"start":{"line":182,"column":16},"end":{"line":189,"column":17}},{"start":{"line":182,"column":16},"end":{"line":189,"column":17}}],"line":182}},"s":{"0":1,"1":1,"2":1,"3":1,"4":1,"5":1,"6":1,"7":2,"8":2,"9":2,"10":2,"11":2,"12":2,"13":0,"14":0,"15":0,"16":2,"17":2,"18":2,"19":2,"20":0,"21":0,"22":2,"23":1,"24":1,"25":0,"26":1,"27":0,"28":0,"29":0,"30":1,"31":1,"32":1,"33":1,"34":0,"35":2,"36":2,"37":2,"38":0,"39":2,"40":1,"41":1,"42":1,"43":1,"44":0,"45":2,"46":2,"47":2,"48":0,"49":0,"50":2,"51":2,"52":0,"53":1,"54":1},"f":{"0":1,"1":2,"2":2,"3":2,"4":2,"5":1,"6":2,"7":2,"8":2,"9":2},"b":{"0":[2,0],"1":[0,2],"2":[1,1],"3":[0,1],"4":[0,1],"5":[0,2],"6":[1,1],"7":[0,2]},"_coverageSchema":"43e27e138ebf9cfc5966b082cf9a028302ed4184","hash":"d0479aefff28ca4915198d8071477eb581f18cc5","contentHash":"1b69d35227273f563f2766e2819571015039c4ef04da15b81e4c5acd03e2c54b"},"/home/admin1/Desktop/fundoo/ServerSide/services/vendors/tokenGen.js":{"path":"/home/admin1/Desktop/fundoo/ServerSide/services/vendors/tokenGen.js","statementMap":{"0":{"start":{"line":13,"column":10},"end":{"line":13,"column":33}},"1":{"start":{"line":15,"column":13},"end":{"line":15,"column":21}},"2":{"start":{"line":16,"column":0},"end":{"line":28,"column":1}},"3":{"start":{"line":17,"column":4},"end":{"line":27,"column":5}},"4":{"start":{"line":18,"column":16},"end":{"line":18,"column":59}},"5":{"start":{"line":19,"column":14},"end":{"line":23,"column":5}},"6":{"start":{"line":24,"column":0},"end":{"line":24,"column":10}},"7":{"start":{"line":26,"column":8},"end":{"line":26,"column":63}}},"fnMap":{"0":{"name":"(anonymous_0)","decl":{"start":{"line":16,"column":24},"end":{"line":16,"column":25}},"loc":{"start":{"line":16,"column":35},"end":{"line":28,"column":1}},"line":16}},"branchMap":{},"s":{"0":1,"1":1,"2":1,"3":1,"4":1,"5":1,"6":1,"7":0},"f":{"0":1},"b":{},"_coverageSchema":"43e27e138ebf9cfc5966b082cf9a028302ed4184","hash":"f3b4f8b7b0e56e413758c921e9c24d3b2e95b60e","contentHash":"415718e2a5f139bbed1c9ade465947772e5a938da9a948c74a1c9600b330e5e2"},"/home/admin1/Desktop/fundoo/ServerSide/services/vendors/sendMailer.js":{"path":"/home/admin1/Desktop/fundoo/ServerSide/services/vendors/sendMailer.js","statementMap":{"0":{"start":{"line":15,"column":17},"end":{"line":15,"column":38}},"1":{"start":{"line":17,"column":0},"end":{"line":46,"column":1}},"2":{"start":{"line":18,"column":4},"end":{"line":45,"column":1}},"3":{"start":{"line":20,"column":21},"end":{"line":26,"column":6}},"4":{"start":{"line":28,"column":21},"end":{"line":33,"column":5}},"5":{"start":{"line":34,"column":4},"end":{"line":42,"column":6}},"6":{"start":{"line":35,"column":8},"end":{"line":41,"column":9}},"7":{"start":{"line":36,"column":12},"end":{"line":36,"column":47}},"8":{"start":{"line":37,"column":12},"end":{"line":37,"column":28}},"9":{"start":{"line":39,"column":9},"end":{"line":39,"column":78}},"10":{"start":{"line":40,"column":9},"end":{"line":40,"column":26}},"11":{"start":{"line":44,"column":4},"end":{"line":44,"column":61}}},"fnMap":{"0":{"name":"(anonymous_0)","decl":{"start":{"line":17,"column":26},"end":{"line":17,"column":27}},"loc":{"start":{"line":17,"column":42},"end":{"line":46,"column":1}},"line":17},"1":{"name":"(anonymous_1)","decl":{"start":{"line":34,"column":35},"end":{"line":34,"column":36}},"loc":{"start":{"line":34,"column":47},"end":{"line":42,"column":5}},"line":34}},"branchMap":{"0":{"loc":{"start":{"line":35,"column":8},"end":{"line":41,"column":9}},"type":"if","locations":[{"start":{"line":35,"column":8},"end":{"line":41,"column":9}},{"start":{"line":35,"column":8},"end":{"line":41,"column":9}}],"line":35}},"s":{"0":1,"1":1,"2":1,"3":1,"4":1,"5":1,"6":1,"7":0,"8":0,"9":1,"10":1,"11":0},"f":{"0":1,"1":1},"b":{"0":[0,1]},"_coverageSchema":"43e27e138ebf9cfc5966b082cf9a028302ed4184","hash":"6dd4ba71f68a4cb684f8f958142f7252b2ef8c08","contentHash":"565fae486024491a9e0d2e2f85397110c1553c02d579fc994579180e8bc4bcb3"},"/home/admin1/Desktop/fundoo/ServerSide/services/vendors/redisSet.js":{"path":"/home/admin1/Desktop/fundoo/ServerSide/services/vendors/redisSet.js","statementMap":{"0":{"start":{"line":1,"column":12},"end":{"line":1,"column":28}},"1":{"start":{"line":2,"column":13},"end":{"line":2,"column":33}},"2":{"start":{"line":3,"column":0},"end":{"line":18,"column":1}},"3":{"start":{"line":4,"column":4},"end":{"line":17,"column":5}},"4":{"start":{"line":5,"column":8},"end":{"line":5,"column":41}},"5":{"start":{"line":6,"column":8},"end":{"line":14,"column":10}},"6":{"start":{"line":7,"column":12},"end":{"line":13,"column":13}},"7":{"start":{"line":8,"column":16},"end":{"line":8,"column":68}},"8":{"start":{"line":11,"column":16},"end":{"line":11,"column":59}},"9":{"start":{"line":12,"column":16},"end":{"line":12,"column":55}},"10":{"start":{"line":16,"column":8},"end":{"line":16,"column":53}}},"fnMap":{"0":{"name":"(anonymous_0)","decl":{"start":{"line":3,"column":26},"end":{"line":3,"column":27}},"loc":{"start":{"line":3,"column":46},"end":{"line":18,"column":1}},"line":3},"1":{"name":"(anonymous_1)","decl":{"start":{"line":6,"column":66},"end":{"line":6,"column":67}},"loc":{"start":{"line":6,"column":89},"end":{"line":14,"column":9}},"line":6}},"branchMap":{"0":{"loc":{"start":{"line":7,"column":12},"end":{"line":13,"column":13}},"type":"if","locations":[{"start":{"line":7,"column":12},"end":{"line":13,"column":13}},{"start":{"line":7,"column":12},"end":{"line":13,"column":13}}],"line":7}},"s":{"0":1,"1":1,"2":1,"3":1,"4":1,"5":1,"6":1,"7":0,"8":1,"9":1,"10":0},"f":{"0":1,"1":1},"b":{"0":[0,1]},"_coverageSchema":"43e27e138ebf9cfc5966b082cf9a028302ed4184","hash":"e29cb7e4007250e12b21b6e2ce1ba25b4fdf84d5","contentHash":"75cb3d44dd6556d3d654028c807d82ab438c8c8f53432e729d90bf9fe41b6157"},"/home/admin1/Desktop/fundoo/ServerSide/services/vendors/s3ApiServices.js":{"path":"/home/admin1/Desktop/fundoo/ServerSide/services/vendors/s3ApiServices.js","statementMap":{"0":{"start":{"line":20,"column":10},"end":{"line":20,"column":28}},"1":{"start":{"line":21,"column":13},"end":{"line":21,"column":30}},"2":{"start":{"line":22,"column":15},"end":{"line":22,"column":35}},"3":{"start":{"line":25,"column":0},"end":{"line":25,"column":52}},"4":{"start":{"line":26,"column":0},"end":{"line":26,"column":60}},"5":{"start":{"line":28,"column":9},"end":{"line":28,"column":21}},"6":{"start":{"line":31,"column":4},"end":{"line":35,"column":6}},"7":{"start":{"line":38,"column":23},"end":{"line":45,"column":5}},"8":{"start":{"line":39,"column":6},"end":{"line":44,"column":7}},"9":{"start":{"line":40,"column":8},"end":{"line":40,"column":28}},"10":{"start":{"line":43,"column":8},"end":{"line":43,"column":56}},"11":{"start":{"line":46,"column":4},"end":{"line":46,"column":21}},"12":{"start":{"line":50,"column":21},"end":{"line":50,"column":43}},"13":{"start":{"line":51,"column":17},"end":{"line":64,"column":6}},"14":{"start":{"line":58,"column":10},"end":{"line":58,"column":31}},"15":{"start":{"line":61,"column":10},"end":{"line":61,"column":47}},"16":{"start":{"line":66,"column":4},"end":{"line":66,"column":18}},"17":{"start":{"line":69,"column":14},"end":{"line":70,"column":1}},"18":{"start":{"line":71,"column":0},"end":{"line":71,"column":33}}},"fnMap":{"0":{"name":"(anonymous_0)","decl":{"start":{"line":30,"column":2},"end":{"line":30,"column":3}},"loc":{"start":{"line":30,"column":23},"end":{"line":36,"column":3}},"line":30},"1":{"name":"(anonymous_1)","decl":{"start":{"line":37,"column":2},"end":{"line":37,"column":3}},"loc":{"start":{"line":37,"column":20},"end":{"line":47,"column":3}},"line":37},"2":{"name":"(anonymous_2)","decl":{"start":{"line":38,"column":23},"end":{"line":38,"column":24}},"loc":{"start":{"line":38,"column":55},"end":{"line":45,"column":5}},"line":38},"3":{"name":"(anonymous_3)","decl":{"start":{"line":49,"column":2},"end":{"line":49,"column":3}},"loc":{"start":{"line":49,"column":11},"end":{"line":67,"column":3}},"line":49},"4":{"name":"(anonymous_4)","decl":{"start":{"line":57,"column":18},"end":{"line":57,"column":19}},"loc":{"start":{"line":57,"column":50},"end":{"line":59,"column":9}},"line":57},"5":{"name":"(anonymous_5)","decl":{"start":{"line":60,"column":13},"end":{"line":60,"column":14}},"loc":{"start":{"line":60,"column":46},"end":{"line":62,"column":9}},"line":60}},"branchMap":{"0":{"loc":{"start":{"line":39,"column":6},"end":{"line":44,"column":7}},"type":"if","locations":[{"start":{"line":39,"column":6},"end":{"line":44,"column":7}},{"start":{"line":39,"column":6},"end":{"line":44,"column":7}}],"line":39},"1":{"loc":{"start":{"line":39,"column":10},"end":{"line":39,"column":73}},"type":"binary-expr","locations":[{"start":{"line":39,"column":10},"end":{"line":39,"column":40}},{"start":{"line":39,"column":44},"end":{"line":39,"column":73}}],"line":39}},"s":{"0":1,"1":1,"2":1,"3":1,"4":1,"5":1,"6":1,"7":1,"8":0,"9":0,"10":0,"11":1,"12":1,"13":1,"14":0,"15":0,"16":1,"17":1,"18":1},"f":{"0":1,"1":1,"2":0,"3":1,"4":0,"5":0},"b":{"0":[0,0],"1":[0,0]},"_coverageSchema":"43e27e138ebf9cfc5966b082cf9a028302ed4184","hash":"cf8286e4a48bac7884882cf8e6453aef91e9ba88","contentHash":"65f73d1acd7ab4b4e669a27ecf5ada3136696eaa7e181fc64fe865f1003291f0"},"/home/admin1/Desktop/fundoo/ServerSide/middleware/authentication.js":{"path":"/home/admin1/Desktop/fundoo/ServerSide/middleware/authentication.js","statementMap":{"0":{"start":{"line":16,"column":12},"end":{"line":16,"column":35}},"1":{"start":{"line":17,"column":15},"end":{"line":17,"column":23}},"2":{"start":{"line":19,"column":12},"end":{"line":19,"column":28}},"3":{"start":{"line":20,"column":13},"end":{"line":20,"column":33}},"4":{"start":{"line":23,"column":0},"end":{"line":62,"column":1}},"5":{"start":{"line":24,"column":4},"end":{"line":61,"column":5}},"6":{"start":{"line":27,"column":8},"end":{"line":56,"column":10}},"7":{"start":{"line":28,"column":12},"end":{"line":35,"column":13}},"8":{"start":{"line":29,"column":16},"end":{"line":29,"column":53}},"9":{"start":{"line":33,"column":16},"end":{"line":33,"column":57}},"10":{"start":{"line":36,"column":12},"end":{"line":36,"column":39}},"11":{"start":{"line":38,"column":12},"end":{"line":55,"column":13}},"12":{"start":{"line":39,"column":16},"end":{"line":50,"column":18}},"13":{"start":{"line":40,"column":20},"end":{"line":48,"column":21}},"14":{"start":{"line":41,"column":24},"end":{"line":41,"column":60}},"15":{"start":{"line":42,"column":24},"end":{"line":42,"column":49}},"16":{"start":{"line":45,"column":24},"end":{"line":45,"column":77}},"17":{"start":{"line":46,"column":24},"end":{"line":46,"column":51}},"18":{"start":{"line":47,"column":24},"end":{"line":47,"column":30}},"19":{"start":{"line":53,"column":16},"end":{"line":53,"column":59}},"20":{"start":{"line":59,"column":8},"end":{"line":59,"column":63}},"21":{"start":{"line":60,"column":8},"end":{"line":60,"column":21}}},"fnMap":{"0":{"name":"(anonymous_0)","decl":{"start":{"line":23,"column":22},"end":{"line":23,"column":23}},"loc":{"start":{"line":23,"column":42},"end":{"line":62,"column":1}},"line":23},"1":{"name":"(anonymous_1)","decl":{"start":{"line":27,"column":36},"end":{"line":27,"column":37}},"loc":{"start":{"line":27,"column":58},"end":{"line":56,"column":9}},"line":27},"2":{"name":"(anonymous_2)","decl":{"start":{"line":39,"column":42},"end":{"line":39,"column":43}},"loc":{"start":{"line":39,"column":60},"end":{"line":50,"column":17}},"line":39}},"branchMap":{"0":{"loc":{"start":{"line":28,"column":12},"end":{"line":35,"column":13}},"type":"if","locations":[{"start":{"line":28,"column":12},"end":{"line":35,"column":13}},{"start":{"line":28,"column":12},"end":{"line":35,"column":13}}],"line":28},"1":{"loc":{"start":{"line":38,"column":12},"end":{"line":55,"column":13}},"type":"if","locations":[{"start":{"line":38,"column":12},"end":{"line":55,"column":13}},{"start":{"line":38,"column":12},"end":{"line":55,"column":13}}],"line":38},"2":{"loc":{"start":{"line":40,"column":20},"end":{"line":48,"column":21}},"type":"if","locations":[{"start":{"line":40,"column":20},"end":{"line":48,"column":21}},{"start":{"line":40,"column":20},"end":{"line":48,"column":21}}],"line":40}},"s":{"0":1,"1":1,"2":1,"3":1,"4":1,"5":57,"6":57,"7":57,"8":0,"9":57,"10":57,"11":57,"12":57,"13":57,"14":0,"15":0,"16":57,"17":57,"18":57,"19":0,"20":0,"21":0},"f":{"0":57,"1":57,"2":57},"b":{"0":[0,57],"1":[57,0],"2":[0,57]},"_coverageSchema":"43e27e138ebf9cfc5966b082cf9a028302ed4184","hash":"d3176c05200aa5d74f5cb275daa255926f5476b7","contentHash":"da1eeb87e0fc46d7dd5cdf69f1885702bce1e8a32bda4e26e50b38231813f096"},"/home/admin1/Desktop/fundoo/ServerSide/router/noteRouter.js":{"path":"/home/admin1/Desktop/fundoo/ServerSide/router/noteRouter.js","statementMap":{"0":{"start":{"line":2,"column":11},"end":{"line":2,"column":50}},"1":{"start":{"line":3,"column":21},"end":{"line":3,"column":60}},"2":{"start":{"line":4,"column":13},"end":{"line":4,"column":57}},"3":{"start":{"line":5,"column":14},"end":{"line":5,"column":32}},"4":{"start":{"line":6,"column":13},"end":{"line":6,"column":29}},"5":{"start":{"line":8,"column":0},"end":{"line":8,"column":76}},"6":{"start":{"line":9,"column":0},"end":{"line":9,"column":76}},"7":{"start":{"line":10,"column":0},"end":{"line":10,"column":75}},"8":{"start":{"line":11,"column":0},"end":{"line":11,"column":74}},"9":{"start":{"line":12,"column":0},"end":{"line":12,"column":72}},"10":{"start":{"line":13,"column":0},"end":{"line":13,"column":74}},"11":{"start":{"line":14,"column":0},"end":{"line":14,"column":74}},"12":{"start":{"line":15,"column":0},"end":{"line":15,"column":86}},"13":{"start":{"line":16,"column":0},"end":{"line":16,"column":78}},"14":{"start":{"line":17,"column":0},"end":{"line":17,"column":68}},"15":{"start":{"line":18,"column":0},"end":{"line":18,"column":78}},"16":{"start":{"line":19,"column":0},"end":{"line":19,"column":76}},"17":{"start":{"line":20,"column":0},"end":{"line":20,"column":102}},"18":{"start":{"line":22,"column":0},"end":{"line":22,"column":21}}},"fnMap":{},"branchMap":{},"s":{"0":1,"1":1,"2":1,"3":1,"4":1,"5":1,"6":1,"7":1,"8":1,"9":1,"10":1,"11":1,"12":1,"13":1,"14":1,"15":1,"16":1,"17":1,"18":1},"f":{},"b":{},"_coverageSchema":"43e27e138ebf9cfc5966b082cf9a028302ed4184","hash":"9eb08bd3c75d7279a74915c224fa068f5ba6da6d","contentHash":"50b4b4b16c8954d633283c700653f6be2f7d8ae5b166c39850bb6872477df62d"},"/home/admin1/Desktop/fundoo/ServerSide/controller/noteController.js":{"path":"/home/admin1/Desktop/fundoo/ServerSide/controller/noteController.js","statementMap":{"0":{"start":{"line":10,"column":15},"end":{"line":10,"column":59}},"1":{"start":{"line":11,"column":20},"end":{"line":11,"column":64}},"2":{"start":{"line":20,"column":0},"end":{"line":64,"column":1}},"3":{"start":{"line":21,"column":4},"end":{"line":63,"column":5}},"4":{"start":{"line":22,"column":8},"end":{"line":22,"column":60}},"5":{"start":{"line":23,"column":8},"end":{"line":23,"column":36}},"6":{"start":{"line":24,"column":19},"end":{"line":30,"column":9}},"7":{"start":{"line":31,"column":8},"end":{"line":31,"column":63}},"8":{"start":{"line":32,"column":8},"end":{"line":32,"column":75}},"9":{"start":{"line":33,"column":8},"end":{"line":33,"column":63}},"10":{"start":{"line":34,"column":21},"end":{"line":34,"column":43}},"11":{"start":{"line":35,"column":23},"end":{"line":35,"column":25}},"12":{"start":{"line":36,"column":8},"end":{"line":60,"column":9}},"13":{"start":{"line":37,"column":12},"end":{"line":37,"column":36}},"14":{"start":{"line":38,"column":12},"end":{"line":38,"column":35}},"15":{"start":{"line":39,"column":12},"end":{"line":39,"column":49}},"16":{"start":{"line":41,"column":12},"end":{"line":59,"column":14}},"17":{"start":{"line":42,"column":16},"end":{"line":58,"column":17}},"18":{"start":{"line":43,"column":20},"end":{"line":43,"column":76}},"19":{"start":{"line":45,"column":20},"end":{"line":49,"column":22}},"20":{"start":{"line":51,"column":20},"end":{"line":51,"column":64}},"21":{"start":{"line":52,"column":20},"end":{"line":52,"column":48}},"22":{"start":{"line":53,"column":20},"end":{"line":57,"column":22}},"23":{"start":{"line":62,"column":8},"end":{"line":62,"column":21}},"24":{"start":{"line":72,"column":0},"end":{"line":109,"column":1}},"25":{"start":{"line":73,"column":4},"end":{"line":108,"column":5}},"26":{"start":{"line":74,"column":8},"end":{"line":74,"column":61}},"27":{"start":{"line":75,"column":19},"end":{"line":78,"column":9}},"28":{"start":{"line":79,"column":8},"end":{"line":79,"column":68}},"29":{"start":{"line":80,"column":21},"end":{"line":80,"column":43}},"30":{"start":{"line":81,"column":23},"end":{"line":81,"column":25}},"31":{"start":{"line":82,"column":8},"end":{"line":105,"column":9}},"32":{"start":{"line":83,"column":12},"end":{"line":83,"column":36}},"33":{"start":{"line":84,"column":12},"end":{"line":84,"column":35}},"34":{"start":{"line":85,"column":12},"end":{"line":85,"column":49}},"35":{"start":{"line":87,"column":12},"end":{"line":104,"column":14}},"36":{"start":{"line":88,"column":16},"end":{"line":103,"column":17}},"37":{"start":{"line":89,"column":20},"end":{"line":89,"column":69}},"38":{"start":{"line":90,"column":20},"end":{"line":94,"column":22}},"39":{"start":{"line":96,"column":20},"end":{"line":96,"column":63}},"40":{"start":{"line":97,"column":20},"end":{"line":101,"column":22}},"41":{"start":{"line":107,"column":8},"end":{"line":107,"column":21}},"42":{"start":{"line":117,"column":0},"end":{"line":153,"column":1}},"43":{"start":{"line":118,"column":4},"end":{"line":152,"column":5}},"44":{"start":{"line":119,"column":8},"end":{"line":119,"column":67}},"45":{"start":{"line":120,"column":19},"end":{"line":122,"column":9}},"46":{"start":{"line":123,"column":8},"end":{"line":123,"column":63}},"47":{"start":{"line":124,"column":21},"end":{"line":124,"column":43}},"48":{"start":{"line":125,"column":23},"end":{"line":125,"column":25}},"49":{"start":{"line":126,"column":8},"end":{"line":149,"column":9}},"50":{"start":{"line":127,"column":12},"end":{"line":127,"column":36}},"51":{"start":{"line":128,"column":12},"end":{"line":128,"column":35}},"52":{"start":{"line":129,"column":12},"end":{"line":129,"column":49}},"53":{"start":{"line":131,"column":12},"end":{"line":148,"column":14}},"54":{"start":{"line":132,"column":16},"end":{"line":147,"column":17}},"55":{"start":{"line":133,"column":20},"end":{"line":133,"column":77}},"56":{"start":{"line":134,"column":20},"end":{"line":138,"column":22}},"57":{"start":{"line":140,"column":20},"end":{"line":140,"column":65}},"58":{"start":{"line":141,"column":20},"end":{"line":145,"column":22}},"59":{"start":{"line":151,"column":8},"end":{"line":151,"column":21}},"60":{"start":{"line":162,"column":0},"end":{"line":200,"column":1}},"61":{"start":{"line":163,"column":4},"end":{"line":199,"column":5}},"62":{"start":{"line":164,"column":8},"end":{"line":164,"column":66}},"63":{"start":{"line":165,"column":19},"end":{"line":168,"column":9}},"64":{"start":{"line":169,"column":8},"end":{"line":169,"column":67}},"65":{"start":{"line":170,"column":8},"end":{"line":170,"column":66}},"66":{"start":{"line":171,"column":21},"end":{"line":171,"column":43}},"67":{"start":{"line":172,"column":23},"end":{"line":172,"column":25}},"68":{"start":{"line":173,"column":8},"end":{"line":196,"column":9}},"69":{"start":{"line":174,"column":12},"end":{"line":174,"column":36}},"70":{"start":{"line":175,"column":12},"end":{"line":175,"column":35}},"71":{"start":{"line":176,"column":12},"end":{"line":176,"column":49}},"72":{"start":{"line":178,"column":12},"end":{"line":195,"column":14}},"73":{"start":{"line":179,"column":16},"end":{"line":179,"column":45}},"74":{"start":{"line":180,"column":16},"end":{"line":194,"column":17}},"75":{"start":{"line":181,"column":20},"end":{"line":181,"column":75}},"76":{"start":{"line":182,"column":20},"end":{"line":186,"column":22}},"77":{"start":{"line":188,"column":20},"end":{"line":188,"column":68}},"78":{"start":{"line":189,"column":20},"end":{"line":193,"column":22}},"79":{"start":{"line":198,"column":8},"end":{"line":198,"column":21}},"80":{"start":{"line":208,"column":0},"end":{"line":246,"column":1}},"81":{"start":{"line":209,"column":4},"end":{"line":245,"column":5}},"82":{"start":{"line":210,"column":8},"end":{"line":210,"column":65}},"83":{"start":{"line":211,"column":19},"end":{"line":214,"column":9}},"84":{"start":{"line":215,"column":8},"end":{"line":215,"column":79}},"85":{"start":{"line":216,"column":8},"end":{"line":216,"column":66}},"86":{"start":{"line":217,"column":21},"end":{"line":217,"column":43}},"87":{"start":{"line":218,"column":23},"end":{"line":218,"column":25}},"88":{"start":{"line":219,"column":8},"end":{"line":242,"column":9}},"89":{"start":{"line":220,"column":12},"end":{"line":220,"column":36}},"90":{"start":{"line":221,"column":12},"end":{"line":221,"column":35}},"91":{"start":{"line":222,"column":12},"end":{"line":222,"column":49}},"92":{"start":{"line":224,"column":12},"end":{"line":241,"column":14}},"93":{"start":{"line":226,"column":16},"end":{"line":240,"column":17}},"94":{"start":{"line":227,"column":20},"end":{"line":227,"column":74}},"95":{"start":{"line":228,"column":20},"end":{"line":232,"column":22}},"96":{"start":{"line":234,"column":20},"end":{"line":234,"column":67}},"97":{"start":{"line":235,"column":20},"end":{"line":239,"column":22}},"98":{"start":{"line":244,"column":8},"end":{"line":244,"column":21}},"99":{"start":{"line":254,"column":0},"end":{"line":292,"column":1}},"100":{"start":{"line":255,"column":4},"end":{"line":291,"column":5}},"101":{"start":{"line":256,"column":8},"end":{"line":256,"column":65}},"102":{"start":{"line":257,"column":19},"end":{"line":260,"column":9}},"103":{"start":{"line":261,"column":8},"end":{"line":261,"column":63}},"104":{"start":{"line":262,"column":8},"end":{"line":262,"column":65}},"105":{"start":{"line":263,"column":21},"end":{"line":263,"column":43}},"106":{"start":{"line":264,"column":23},"end":{"line":264,"column":25}},"107":{"start":{"line":265,"column":8},"end":{"line":288,"column":9}},"108":{"start":{"line":266,"column":12},"end":{"line":266,"column":36}},"109":{"start":{"line":267,"column":12},"end":{"line":267,"column":35}},"110":{"start":{"line":268,"column":12},"end":{"line":268,"column":49}},"111":{"start":{"line":270,"column":12},"end":{"line":287,"column":14}},"112":{"start":{"line":272,"column":16},"end":{"line":286,"column":17}},"113":{"start":{"line":273,"column":20},"end":{"line":273,"column":75}},"114":{"start":{"line":274,"column":20},"end":{"line":278,"column":22}},"115":{"start":{"line":280,"column":20},"end":{"line":280,"column":68}},"116":{"start":{"line":281,"column":20},"end":{"line":285,"column":22}},"117":{"start":{"line":290,"column":8},"end":{"line":290,"column":21}},"118":{"start":{"line":300,"column":0},"end":{"line":338,"column":1}},"119":{"start":{"line":301,"column":4},"end":{"line":337,"column":5}},"120":{"start":{"line":302,"column":8},"end":{"line":302,"column":67}},"121":{"start":{"line":303,"column":19},"end":{"line":306,"column":9}},"122":{"start":{"line":307,"column":8},"end":{"line":307,"column":69}},"123":{"start":{"line":308,"column":8},"end":{"line":308,"column":65}},"124":{"start":{"line":309,"column":21},"end":{"line":309,"column":43}},"125":{"start":{"line":310,"column":23},"end":{"line":310,"column":25}},"126":{"start":{"line":311,"column":8},"end":{"line":334,"column":9}},"127":{"start":{"line":312,"column":12},"end":{"line":312,"column":36}},"128":{"start":{"line":313,"column":12},"end":{"line":313,"column":35}},"129":{"start":{"line":314,"column":12},"end":{"line":314,"column":49}},"130":{"start":{"line":316,"column":12},"end":{"line":333,"column":14}},"131":{"start":{"line":318,"column":16},"end":{"line":332,"column":17}},"132":{"start":{"line":319,"column":20},"end":{"line":319,"column":76}},"133":{"start":{"line":320,"column":20},"end":{"line":324,"column":22}},"134":{"start":{"line":326,"column":20},"end":{"line":326,"column":68}},"135":{"start":{"line":327,"column":20},"end":{"line":331,"column":22}},"136":{"start":{"line":336,"column":8},"end":{"line":336,"column":21}},"137":{"start":{"line":346,"column":0},"end":{"line":384,"column":1}},"138":{"start":{"line":347,"column":4},"end":{"line":383,"column":5}},"139":{"start":{"line":348,"column":8},"end":{"line":348,"column":73}},"140":{"start":{"line":349,"column":19},"end":{"line":353,"column":9}},"141":{"start":{"line":354,"column":8},"end":{"line":354,"column":75}},"142":{"start":{"line":355,"column":8},"end":{"line":355,"column":65}},"143":{"start":{"line":356,"column":21},"end":{"line":356,"column":43}},"144":{"start":{"line":357,"column":23},"end":{"line":357,"column":25}},"145":{"start":{"line":358,"column":8},"end":{"line":380,"column":9}},"146":{"start":{"line":359,"column":12},"end":{"line":359,"column":36}},"147":{"start":{"line":360,"column":12},"end":{"line":360,"column":35}},"148":{"start":{"line":361,"column":12},"end":{"line":361,"column":49}},"149":{"start":{"line":363,"column":12},"end":{"line":379,"column":14}},"150":{"start":{"line":364,"column":16},"end":{"line":378,"column":17}},"151":{"start":{"line":365,"column":20},"end":{"line":365,"column":81}},"152":{"start":{"line":366,"column":20},"end":{"line":370,"column":22}},"153":{"start":{"line":372,"column":20},"end":{"line":372,"column":75}},"154":{"start":{"line":373,"column":20},"end":{"line":377,"column":22}},"155":{"start":{"line":382,"column":8},"end":{"line":382,"column":21}},"156":{"start":{"line":392,"column":0},"end":{"line":429,"column":1}},"157":{"start":{"line":393,"column":4},"end":{"line":428,"column":5}},"158":{"start":{"line":394,"column":8},"end":{"line":394,"column":68}},"159":{"start":{"line":395,"column":19},"end":{"line":398,"column":9}},"160":{"start":{"line":399,"column":8},"end":{"line":399,"column":63}},"161":{"start":{"line":400,"column":8},"end":{"line":400,"column":65}},"162":{"start":{"line":401,"column":21},"end":{"line":401,"column":43}},"163":{"start":{"line":402,"column":23},"end":{"line":402,"column":25}},"164":{"start":{"line":403,"column":8},"end":{"line":425,"column":9}},"165":{"start":{"line":404,"column":12},"end":{"line":404,"column":36}},"166":{"start":{"line":405,"column":12},"end":{"line":405,"column":35}},"167":{"start":{"line":406,"column":12},"end":{"line":406,"column":49}},"168":{"start":{"line":408,"column":12},"end":{"line":424,"column":14}},"169":{"start":{"line":409,"column":16},"end":{"line":423,"column":17}},"170":{"start":{"line":410,"column":20},"end":{"line":410,"column":77}},"171":{"start":{"line":411,"column":20},"end":{"line":415,"column":22}},"172":{"start":{"line":417,"column":20},"end":{"line":417,"column":70}},"173":{"start":{"line":418,"column":20},"end":{"line":422,"column":22}},"174":{"start":{"line":427,"column":8},"end":{"line":427,"column":21}},"175":{"start":{"line":438,"column":0},"end":{"line":475,"column":1}},"176":{"start":{"line":439,"column":4},"end":{"line":474,"column":5}},"177":{"start":{"line":440,"column":8},"end":{"line":440,"column":65}},"178":{"start":{"line":441,"column":19},"end":{"line":444,"column":9}},"179":{"start":{"line":445,"column":8},"end":{"line":445,"column":71}},"180":{"start":{"line":446,"column":8},"end":{"line":446,"column":65}},"181":{"start":{"line":447,"column":21},"end":{"line":447,"column":43}},"182":{"start":{"line":448,"column":23},"end":{"line":448,"column":25}},"183":{"start":{"line":449,"column":8},"end":{"line":471,"column":9}},"184":{"start":{"line":450,"column":12},"end":{"line":450,"column":36}},"185":{"start":{"line":451,"column":12},"end":{"line":451,"column":35}},"186":{"start":{"line":452,"column":12},"end":{"line":452,"column":49}},"187":{"start":{"line":454,"column":12},"end":{"line":470,"column":14}},"188":{"start":{"line":455,"column":16},"end":{"line":469,"column":17}},"189":{"start":{"line":456,"column":20},"end":{"line":456,"column":79}},"190":{"start":{"line":457,"column":20},"end":{"line":461,"column":22}},"191":{"start":{"line":463,"column":20},"end":{"line":463,"column":67}},"192":{"start":{"line":464,"column":20},"end":{"line":468,"column":22}},"193":{"start":{"line":473,"column":8},"end":{"line":473,"column":21}},"194":{"start":{"line":484,"column":0},"end":{"line":511,"column":1}},"195":{"start":{"line":485,"column":4},"end":{"line":510,"column":5}},"196":{"start":{"line":486,"column":8},"end":{"line":486,"column":80}},"197":{"start":{"line":487,"column":19},"end":{"line":489,"column":9}},"198":{"start":{"line":491,"column":8},"end":{"line":507,"column":10}},"199":{"start":{"line":492,"column":12},"end":{"line":506,"column":13}},"200":{"start":{"line":493,"column":16},"end":{"line":493,"column":73}},"201":{"start":{"line":494,"column":16},"end":{"line":498,"column":18}},"202":{"start":{"line":500,"column":16},"end":{"line":500,"column":65}},"203":{"start":{"line":501,"column":16},"end":{"line":505,"column":18}},"204":{"start":{"line":509,"column":8},"end":{"line":509,"column":21}},"205":{"start":{"line":519,"column":0},"end":{"line":547,"column":1}},"206":{"start":{"line":520,"column":4},"end":{"line":546,"column":5}},"207":{"start":{"line":521,"column":8},"end":{"line":521,"column":68}},"208":{"start":{"line":522,"column":8},"end":{"line":522,"column":67}},"209":{"start":{"line":523,"column":19},"end":{"line":526,"column":9}},"210":{"start":{"line":527,"column":8},"end":{"line":543,"column":10}},"211":{"start":{"line":528,"column":12},"end":{"line":541,"column":13}},"212":{"start":{"line":529,"column":16},"end":{"line":529,"column":74}},"213":{"start":{"line":530,"column":16},"end":{"line":530,"column":33}},"214":{"start":{"line":531,"column":16},"end":{"line":533,"column":18}},"215":{"start":{"line":535,"column":16},"end":{"line":535,"column":67}},"216":{"start":{"line":536,"column":16},"end":{"line":540,"column":19}},"217":{"start":{"line":545,"column":8},"end":{"line":545,"column":21}},"218":{"start":{"line":555,"column":0},"end":{"line":586,"column":1}},"219":{"start":{"line":556,"column":4},"end":{"line":585,"column":5}},"220":{"start":{"line":557,"column":8},"end":{"line":557,"column":64}},"221":{"start":{"line":558,"column":19},"end":{"line":564,"column":9}},"222":{"start":{"line":565,"column":8},"end":{"line":582,"column":10}},"223":{"start":{"line":566,"column":12},"end":{"line":581,"column":13}},"224":{"start":{"line":567,"column":16},"end":{"line":567,"column":68}},"225":{"start":{"line":568,"column":16},"end":{"line":572,"column":18}},"226":{"start":{"line":574,"column":16},"end":{"line":574,"column":60}},"227":{"start":{"line":575,"column":16},"end":{"line":579,"column":18}},"228":{"start":{"line":584,"column":8},"end":{"line":584,"column":21}}},"fnMap":{"0":{"name":"(anonymous_0)","decl":{"start":{"line":20,"column":42},"end":{"line":20,"column":43}},"loc":{"start":{"line":20,"column":56},"end":{"line":64,"column":1}},"line":20},"1":{"name":"(anonymous_1)","decl":{"start":{"line":41,"column":52},"end":{"line":41,"column":53}},"loc":{"start":{"line":41,"column":67},"end":{"line":59,"column":13}},"line":41},"2":{"name":"(anonymous_2)","decl":{"start":{"line":72,"column":40},"end":{"line":72,"column":41}},"loc":{"start":{"line":72,"column":54},"end":{"line":109,"column":1}},"line":72},"3":{"name":"(anonymous_3)","decl":{"start":{"line":87,"column":50},"end":{"line":87,"column":51}},"loc":{"start":{"line":87,"column":65},"end":{"line":104,"column":13}},"line":87},"4":{"name":"(anonymous_4)","decl":{"start":{"line":117,"column":42},"end":{"line":117,"column":43}},"loc":{"start":{"line":117,"column":56},"end":{"line":153,"column":1}},"line":117},"5":{"name":"(anonymous_5)","decl":{"start":{"line":131,"column":52},"end":{"line":131,"column":53}},"loc":{"start":{"line":131,"column":67},"end":{"line":148,"column":13}},"line":131},"6":{"name":"(anonymous_6)","decl":{"start":{"line":162,"column":41},"end":{"line":162,"column":42}},"loc":{"start":{"line":162,"column":55},"end":{"line":200,"column":1}},"line":162},"7":{"name":"(anonymous_7)","decl":{"start":{"line":178,"column":51},"end":{"line":178,"column":52}},"loc":{"start":{"line":178,"column":66},"end":{"line":195,"column":13}},"line":178},"8":{"name":"(anonymous_8)","decl":{"start":{"line":208,"column":40},"end":{"line":208,"column":41}},"loc":{"start":{"line":208,"column":54},"end":{"line":246,"column":1}},"line":208},"9":{"name":"(anonymous_9)","decl":{"start":{"line":224,"column":50},"end":{"line":224,"column":51}},"loc":{"start":{"line":224,"column":65},"end":{"line":241,"column":13}},"line":224},"10":{"name":"(anonymous_10)","decl":{"start":{"line":254,"column":41},"end":{"line":254,"column":42}},"loc":{"start":{"line":254,"column":55},"end":{"line":292,"column":1}},"line":254},"11":{"name":"(anonymous_11)","decl":{"start":{"line":270,"column":51},"end":{"line":270,"column":52}},"loc":{"start":{"line":270,"column":66},"end":{"line":287,"column":13}},"line":270},"12":{"name":"(anonymous_12)","decl":{"start":{"line":300,"column":41},"end":{"line":300,"column":42}},"loc":{"start":{"line":300,"column":55},"end":{"line":338,"column":1}},"line":300},"13":{"name":"(anonymous_13)","decl":{"start":{"line":316,"column":51},"end":{"line":316,"column":52}},"loc":{"start":{"line":316,"column":66},"end":{"line":333,"column":13}},"line":316},"14":{"name":"(anonymous_14)","decl":{"start":{"line":346,"column":47},"end":{"line":346,"column":48}},"loc":{"start":{"line":346,"column":61},"end":{"line":384,"column":1}},"line":346},"15":{"name":"(anonymous_15)","decl":{"start":{"line":363,"column":57},"end":{"line":363,"column":58}},"loc":{"start":{"line":363,"column":72},"end":{"line":379,"column":13}},"line":363},"16":{"name":"(anonymous_16)","decl":{"start":{"line":392,"column":43},"end":{"line":392,"column":44}},"loc":{"start":{"line":392,"column":57},"end":{"line":429,"column":1}},"line":392},"17":{"name":"(anonymous_17)","decl":{"start":{"line":408,"column":53},"end":{"line":408,"column":54}},"loc":{"start":{"line":408,"column":68},"end":{"line":424,"column":13}},"line":408},"18":{"name":"(anonymous_18)","decl":{"start":{"line":438,"column":45},"end":{"line":438,"column":46}},"loc":{"start":{"line":438,"column":59},"end":{"line":475,"column":1}},"line":438},"19":{"name":"(anonymous_19)","decl":{"start":{"line":454,"column":55},"end":{"line":454,"column":56}},"loc":{"start":{"line":454,"column":70},"end":{"line":470,"column":13}},"line":454},"20":{"name":"(anonymous_20)","decl":{"start":{"line":484,"column":42},"end":{"line":484,"column":43}},"loc":{"start":{"line":484,"column":56},"end":{"line":511,"column":1}},"line":484},"21":{"name":"(anonymous_21)","decl":{"start":{"line":491,"column":48},"end":{"line":491,"column":49}},"loc":{"start":{"line":491,"column":63},"end":{"line":507,"column":9}},"line":491},"22":{"name":"(anonymous_22)","decl":{"start":{"line":519,"column":43},"end":{"line":519,"column":44}},"loc":{"start":{"line":519,"column":57},"end":{"line":547,"column":1}},"line":519},"23":{"name":"(anonymous_23)","decl":{"start":{"line":527,"column":50},"end":{"line":527,"column":51}},"loc":{"start":{"line":527,"column":65},"end":{"line":543,"column":9}},"line":527},"24":{"name":"(anonymous_24)","decl":{"start":{"line":555,"column":38},"end":{"line":555,"column":39}},"loc":{"start":{"line":555,"column":52},"end":{"line":586,"column":1}},"line":555},"25":{"name":"(anonymous_25)","decl":{"start":{"line":565,"column":44},"end":{"line":565,"column":45}},"loc":{"start":{"line":565,"column":59},"end":{"line":582,"column":9}},"line":565}},"branchMap":{"0":{"loc":{"start":{"line":36,"column":8},"end":{"line":60,"column":9}},"type":"if","locations":[{"start":{"line":36,"column":8},"end":{"line":60,"column":9}},{"start":{"line":36,"column":8},"end":{"line":60,"column":9}}],"line":36},"1":{"loc":{"start":{"line":42,"column":16},"end":{"line":58,"column":17}},"type":"if","locations":[{"start":{"line":42,"column":16},"end":{"line":58,"column":17}},{"start":{"line":42,"column":16},"end":{"line":58,"column":17}}],"line":42},"2":{"loc":{"start":{"line":82,"column":8},"end":{"line":105,"column":9}},"type":"if","locations":[{"start":{"line":82,"column":8},"end":{"line":105,"column":9}},{"start":{"line":82,"column":8},"end":{"line":105,"column":9}}],"line":82},"3":{"loc":{"start":{"line":88,"column":16},"end":{"line":103,"column":17}},"type":"if","locations":[{"start":{"line":88,"column":16},"end":{"line":103,"column":17}},{"start":{"line":88,"column":16},"end":{"line":103,"column":17}}],"line":88},"4":{"loc":{"start":{"line":126,"column":8},"end":{"line":149,"column":9}},"type":"if","locations":[{"start":{"line":126,"column":8},"end":{"line":149,"column":9}},{"start":{"line":126,"column":8},"end":{"line":149,"column":9}}],"line":126},"5":{"loc":{"start":{"line":132,"column":16},"end":{"line":147,"column":17}},"type":"if","locations":[{"start":{"line":132,"column":16},"end":{"line":147,"column":17}},{"start":{"line":132,"column":16},"end":{"line":147,"column":17}}],"line":132},"6":{"loc":{"start":{"line":173,"column":8},"end":{"line":196,"column":9}},"type":"if","locations":[{"start":{"line":173,"column":8},"end":{"line":196,"column":9}},{"start":{"line":173,"column":8},"end":{"line":196,"column":9}}],"line":173},"7":{"loc":{"start":{"line":180,"column":16},"end":{"line":194,"column":17}},"type":"if","locations":[{"start":{"line":180,"column":16},"end":{"line":194,"column":17}},{"start":{"line":180,"column":16},"end":{"line":194,"column":17}}],"line":180},"8":{"loc":{"start":{"line":219,"column":8},"end":{"line":242,"column":9}},"type":"if","locations":[{"start":{"line":219,"column":8},"end":{"line":242,"column":9}},{"start":{"line":219,"column":8},"end":{"line":242,"column":9}}],"line":219},"9":{"loc":{"start":{"line":226,"column":16},"end":{"line":240,"column":17}},"type":"if","locations":[{"start":{"line":226,"column":16},"end":{"line":240,"column":17}},{"start":{"line":226,"column":16},"end":{"line":240,"column":17}}],"line":226},"10":{"loc":{"start":{"line":265,"column":8},"end":{"line":288,"column":9}},"type":"if","locations":[{"start":{"line":265,"column":8},"end":{"line":288,"column":9}},{"start":{"line":265,"column":8},"end":{"line":288,"column":9}}],"line":265},"11":{"loc":{"start":{"line":272,"column":16},"end":{"line":286,"column":17}},"type":"if","locations":[{"start":{"line":272,"column":16},"end":{"line":286,"column":17}},{"start":{"line":272,"column":16},"end":{"line":286,"column":17}}],"line":272},"12":{"loc":{"start":{"line":311,"column":8},"end":{"line":334,"column":9}},"type":"if","locations":[{"start":{"line":311,"column":8},"end":{"line":334,"column":9}},{"start":{"line":311,"column":8},"end":{"line":334,"column":9}}],"line":311},"13":{"loc":{"start":{"line":318,"column":16},"end":{"line":332,"column":17}},"type":"if","locations":[{"start":{"line":318,"column":16},"end":{"line":332,"column":17}},{"start":{"line":318,"column":16},"end":{"line":332,"column":17}}],"line":318},"14":{"loc":{"start":{"line":358,"column":8},"end":{"line":380,"column":9}},"type":"if","locations":[{"start":{"line":358,"column":8},"end":{"line":380,"column":9}},{"start":{"line":358,"column":8},"end":{"line":380,"column":9}}],"line":358},"15":{"loc":{"start":{"line":364,"column":16},"end":{"line":378,"column":17}},"type":"if","locations":[{"start":{"line":364,"column":16},"end":{"line":378,"column":17}},{"start":{"line":364,"column":16},"end":{"line":378,"column":17}}],"line":364},"16":{"loc":{"start":{"line":403,"column":8},"end":{"line":425,"column":9}},"type":"if","locations":[{"start":{"line":403,"column":8},"end":{"line":425,"column":9}},{"start":{"line":403,"column":8},"end":{"line":425,"column":9}}],"line":403},"17":{"loc":{"start":{"line":409,"column":16},"end":{"line":423,"column":17}},"type":"if","locations":[{"start":{"line":409,"column":16},"end":{"line":423,"column":17}},{"start":{"line":409,"column":16},"end":{"line":423,"column":17}}],"line":409},"18":{"loc":{"start":{"line":449,"column":8},"end":{"line":471,"column":9}},"type":"if","locations":[{"start":{"line":449,"column":8},"end":{"line":471,"column":9}},{"start":{"line":449,"column":8},"end":{"line":471,"column":9}}],"line":449},"19":{"loc":{"start":{"line":455,"column":16},"end":{"line":469,"column":17}},"type":"if","locations":[{"start":{"line":455,"column":16},"end":{"line":469,"column":17}},{"start":{"line":455,"column":16},"end":{"line":469,"column":17}}],"line":455},"20":{"loc":{"start":{"line":492,"column":12},"end":{"line":506,"column":13}},"type":"if","locations":[{"start":{"line":492,"column":12},"end":{"line":506,"column":13}},{"start":{"line":492,"column":12},"end":{"line":506,"column":13}}],"line":492},"21":{"loc":{"start":{"line":528,"column":12},"end":{"line":541,"column":13}},"type":"if","locations":[{"start":{"line":528,"column":12},"end":{"line":541,"column":13}},{"start":{"line":528,"column":12},"end":{"line":541,"column":13}}],"line":528},"22":{"loc":{"start":{"line":566,"column":12},"end":{"line":581,"column":13}},"type":"if","locations":[{"start":{"line":566,"column":12},"end":{"line":581,"column":13}},{"start":{"line":566,"column":12},"end":{"line":581,"column":13}}],"line":566}},"s":{"0":1,"1":1,"2":1,"3":3,"4":3,"5":3,"6":3,"7":3,"8":3,"9":3,"10":3,"11":3,"12":3,"13":1,"14":1,"15":1,"16":2,"17":2,"18":0,"19":0,"20":2,"21":2,"22":2,"23":0,"24":1,"25":4,"26":4,"27":4,"28":4,"29":4,"30":4,"31":4,"32":1,"33":1,"34":1,"35":3,"36":3,"37":3,"38":3,"39":0,"40":0,"41":0,"42":1,"43":3,"44":3,"45":3,"46":3,"47":3,"48":3,"49":3,"50":1,"51":1,"52":1,"53":2,"54":2,"55":1,"56":1,"57":1,"58":1,"59":0,"60":1,"61":3,"62":3,"63":3,"64":3,"65":3,"66":3,"67":3,"68":3,"69":1,"70":1,"71":1,"72":2,"73":2,"74":2,"75":1,"76":1,"77":1,"78":1,"79":0,"80":1,"81":3,"82":3,"83":3,"84":3,"85":3,"86":3,"87":3,"88":3,"89":1,"90":1,"91":1,"92":2,"93":2,"94":1,"95":1,"96":1,"97":1,"98":0,"99":1,"100":3,"101":3,"102":3,"103":3,"104":3,"105":3,"106":3,"107":3,"108":1,"109":1,"110":1,"111":2,"112":2,"113":1,"114":1,"115":1,"116":1,"117":0,"118":1,"119":3,"120":3,"121":3,"122":3,"123":3,"124":3,"125":3,"126":3,"127":1,"128":1,"129":1,"130":2,"131":2,"132":1,"133":1,"134":1,"135":1,"136":0,"137":1,"138":3,"139":3,"140":3,"141":3,"142":3,"143":3,"144":3,"145":3,"146":1,"147":1,"148":1,"149":2,"150":2,"151":1,"152":1,"153":1,"154":1,"155":0,"156":1,"157":3,"158":3,"159":3,"160":3,"161":3,"162":3,"163":3,"164":3,"165":1,"166":1,"167":1,"168":2,"169":2,"170":1,"171":1,"172":1,"173":1,"174":0,"175":1,"176":3,"177":3,"178":3,"179":3,"180":3,"181":3,"182":3,"183":3,"184":1,"185":1,"186":1,"187":2,"188":2,"189":1,"190":1,"191":1,"192":1,"193":0,"194":1,"195":0,"196":0,"197":0,"198":0,"199":0,"200":0,"201":0,"202":0,"203":0,"204":0,"205":1,"206":0,"207":0,"208":0,"209":0,"210":0,"211":0,"212":0,"213":0,"214":0,"215":0,"216":0,"217":0,"218":1,"219":3,"220":3,"221":3,"222":3,"223":3,"224":1,"225":1,"226":2,"227":2,"228":0},"f":{"0":3,"1":2,"2":4,"3":3,"4":3,"5":2,"6":3,"7":2,"8":3,"9":2,"10":3,"11":2,"12":3,"13":2,"14":3,"15":2,"16":3,"17":2,"18":3,"19":2,"20":0,"21":0,"22":0,"23":0,"24":3,"25":3},"b":{"0":[1,2],"1":[0,2],"2":[1,3],"3":[3,0],"4":[1,2],"5":[1,1],"6":[1,2],"7":[1,1],"8":[1,2],"9":[1,1],"10":[1,2],"11":[1,1],"12":[1,2],"13":[1,1],"14":[1,2],"15":[1,1],"16":[1,2],"17":[1,1],"18":[1,2],"19":[1,1],"20":[0,0],"21":[0,0],"22":[1,2]},"_coverageSchema":"43e27e138ebf9cfc5966b082cf9a028302ed4184","hash":"dbe245beecf8f5970f7a7ca1f5de575670e03bc3","contentHash":"c5d5381f04c1aeeb7a439f7a49d4da53feda86f3017dbe4954f3e6a9677071ed"},"/home/admin1/Desktop/fundoo/ServerSide/services/vendors/logger.js":{"path":"/home/admin1/Desktop/fundoo/ServerSide/services/vendors/logger.js","statementMap":{"0":{"start":{"line":2,"column":16},"end":{"line":2,"column":34}},"1":{"start":{"line":3,"column":23},"end":{"line":17,"column":3}},"2":{"start":{"line":19,"column":27},"end":{"line":19,"column":73}},"3":{"start":{"line":20,"column":24},"end":{"line":20,"column":90}},"4":{"start":{"line":21,"column":2},"end":{"line":26,"column":5}}},"fnMap":{},"branchMap":{},"s":{"0":1,"1":1,"2":1,"3":1,"4":1},"f":{},"b":{},"_coverageSchema":"43e27e138ebf9cfc5966b082cf9a028302ed4184","hash":"7323f6448129cf26f130e876a5d74caa5baf39ef","contentHash":"e36cb1aa1cfe38c82810029cfc779e477c5b9c6f45bf5111f2ceb766c38f962d"},"/home/admin1/Desktop/fundoo/ServerSide/services/Internal/noteServices.js":{"path":"/home/admin1/Desktop/fundoo/ServerSide/services/Internal/noteServices.js","statementMap":{"0":{"start":{"line":12,"column":18},"end":{"line":12,"column":90}},"1":{"start":{"line":23,"column":8},"end":{"line":29,"column":10}},"2":{"start":{"line":24,"column":12},"end":{"line":28,"column":13}},"3":{"start":{"line":25,"column":16},"end":{"line":25,"column":29}},"4":{"start":{"line":27,"column":16},"end":{"line":27,"column":36}},"5":{"start":{"line":39,"column":8},"end":{"line":45,"column":10}},"6":{"start":{"line":40,"column":12},"end":{"line":44,"column":13}},"7":{"start":{"line":41,"column":16},"end":{"line":41,"column":29}},"8":{"start":{"line":43,"column":16},"end":{"line":43,"column":36}},"9":{"start":{"line":56,"column":8},"end":{"line":62,"column":10}},"10":{"start":{"line":57,"column":12},"end":{"line":61,"column":13}},"11":{"start":{"line":58,"column":16},"end":{"line":58,"column":29}},"12":{"start":{"line":60,"column":16},"end":{"line":60,"column":36}},"13":{"start":{"line":72,"column":20},"end":{"line":76,"column":9}},"14":{"start":{"line":77,"column":8},"end":{"line":84,"column":10}},"15":{"start":{"line":78,"column":12},"end":{"line":83,"column":13}},"16":{"start":{"line":79,"column":16},"end":{"line":79,"column":29}},"17":{"start":{"line":81,"column":16},"end":{"line":81,"column":36}},"18":{"start":{"line":94,"column":20},"end":{"line":98,"column":9}},"19":{"start":{"line":99,"column":8},"end":{"line":105,"column":10}},"20":{"start":{"line":100,"column":12},"end":{"line":104,"column":13}},"21":{"start":{"line":101,"co
[...]
nonymous_11)","decl":{"start":{"line":270,"column":62},"end":{"line":270,"column":63}},"loc":{"start":{"line":270,"column":77},"end":{"line":287,"column":13}},"line":270}},"branchMap":{"0":{"loc":{"start":{"line":35,"column":8},"end":{"line":61,"column":9}},"type":"if","locations":[{"start":{"line":35,"column":8},"end":{"line":61,"column":9}},{"start":{"line":35,"column":8},"end":{"line":61,"column":9}}],"line":35},"1":{"loc":{"start":{"line":43,"column":16},"end":{"line":59,"column":17}},"type":"if","locations":[{"start":{"line":43,"column":16},"end":{"line":59,"column":17}},{"start":{"line":43,"column":16},"end":{"line":59,"column":17}}],"line":43},"2":{"loc":{"start":{"line":83,"column":8},"end":{"line":105,"column":9}},"type":"if","locations":[{"start":{"line":83,"column":8},"end":{"line":105,"column":9}},{"start":{"line":83,"column":8},"end":{"line":105,"column":9}}],"line":83},"3":{"loc":{"start":{"line":89,"column":16},"end":{"line":103,"column":17}},"type":"if","locations":[{"start":{"line":89,"column":16},"end":{"line":103,"column":17}},{"start":{"line":89,"column":16},"end":{"line":103,"column":17}}],"line":89},"4":{"loc":{"start":{"line":125,"column":8},"end":{"line":145,"column":9}},"type":"if","locations":[{"start":{"line":125,"column":8},"end":{"line":145,"column":9}},{"start":{"line":125,"column":8},"end":{"line":145,"column":9}}],"line":125},"5":{"loc":{"start":{"line":131,"column":16},"end":{"line":143,"column":17}},"type":"if","locations":[{"start":{"line":131,"column":16},"end":{"line":143,"column":17}},{"start":{"line":131,"column":16},"end":{"line":143,"column":17}}],"line":131},"6":{"loc":{"start":{"line":170,"column":8},"end":{"line":193,"column":9}},"type":"if","locations":[{"start":{"line":170,"column":8},"end":{"line":193,"column":9}},{"start":{"line":170,"column":8},"end":{"line":193,"column":9}}],"line":170},"7":{"loc":{"start":{"line":177,"column":16},"end":{"line":191,"column":17}},"type":"if","locations":[{"start":{"line":177,"column":16},"end":{"line":191,"column":17}},{"start":{"line":177,"column":16},"end":{"line":191,"column":17}}],"line":177},"8":{"loc":{"start":{"line":217,"column":8},"end":{"line":240,"column":9}},"type":"if","locations":[{"start":{"line":217,"column":8},"end":{"line":240,"column":9}},{"start":{"line":217,"column":8},"end":{"line":240,"column":9}}],"line":217},"9":{"loc":{"start":{"line":224,"column":16},"end":{"line":238,"column":17}},"type":"if","locations":[{"start":{"line":224,"column":16},"end":{"line":238,"column":17}},{"start":{"line":224,"column":16},"end":{"line":238,"column":17}}],"line":224},"10":{"loc":{"start":{"line":265,"column":8},"end":{"line":288,"column":9}},"type":"if","locations":[{"start":{"line":265,"column":8},"end":{"line":288,"column":9}},{"start":{"line":265,"column":8},"end":{"line":288,"column":9}}],"line":265},"11":{"loc":{"start":{"line":272,"column":16},"end":{"line":286,"column":17}},"type":"if","locations":[{"start":{"line":272,"column":16},"end":{"line":286,"column":17}},{"start":{"line":272,"column":16},"end":{"line":286,"column":17}}],"line":272}},"s":{"0":1,"1":1,"2":1,"3":3,"4":3,"5":3,"6":3,"7":3,"8":3,"9":3,"10":3,"11":1,"12":1,"13":1,"14":2,"15":2,"16":2,"17":2,"18":2,"19":2,"20":2,"21":0,"22":0,"23":0,"24":0,"25":1,"26":3,"27":3,"28":3,"29":3,"30":3,"31":3,"32":0,"33":0,"34":0,"35":3,"36":0,"37":0,"38":0,"39":0,"40":0,"41":3,"42":1,"43":3,"44":3,"45":3,"46":3,"47":3,"48":3,"49":3,"50":1,"51":1,"52":1,"53":2,"54":2,"55":1,"56":1,"57":1,"58":0,"59":1,"60":3,"61":3,"62":3,"63":3,"64":3,"65":3,"66":3,"67":3,"68":3,"69":1,"70":1,"71":1,"72":2,"73":2,"74":1,"75":1,"76":1,"77":1,"78":0,"79":1,"80":3,"81":3,"82":3,"83":3,"84":3,"85":3,"86":3,"87":3,"88":3,"89":1,"90":1,"91":1,"92":2,"93":2,"94":1,"95":1,"96":1,"97":1,"98":0,"99":1,"100":3,"101":3,"102":3,"103":3,"104":3,"105":3,"106":3,"107":3,"108":3,"109":1,"110":1,"111":1,"112":2,"113":2,"114":1,"115":1,"116":1,"117":1,"118":0},"f":{"0":3,"1":2,"2":3,"3":0,"4":3,"5":2,"6":3,"7":2,"8":3,"9":2,"10":3,"11":2},"b":{"0":[1,2],"1":[2,0],"2":[0,3],"3":[0,0],"4":[1,2],"5":[1,1],"6":[1,2],"7":[1,1],"8":[1,2],"9":[1,1],"10":[1,2],"11":[1,1]},"_coverageSchema":"43e27e138ebf9cfc5966b082cf9a028302ed4184","hash":"b6e24d6bb1c639870efcf4a8d4325a05d1c91a73","contentHash":"e0e5fb66637f4f91ff7ac68524874711fe895b8c117cf64a7d5e9ea5591f74c2"},"/home/admin1/Desktop/fundoo/ServerSide/services/Internal/labelServices.js":{"path":"/home/admin1/Desktop/fundoo/ServerSide/services/Internal/labelServices.js","statementMap":{"0":{"start":{"line":15,"column":17},"end":{"line":15,"column":54}},"1":{"start":{"line":26,"column":4},"end":{"line":32,"column":6}},"2":{"start":{"line":27,"column":8},"end":{"line":31,"column":9}},"3":{"start":{"line":28,"column":12},"end":{"line":28,"column":25}},"4":{"start":{"line":30,"column":12},"end":{"line":30,"column":32}},"5":{"start":{"line":41,"column":4},"end":{"line":47,"column":6}},"6":{"start":{"line":42,"column":8},"end":{"line":46,"column":9}},"7":{"start":{"line":43,"column":12},"end":{"line":43,"column":25}},"8":{"start":{"line":45,"column":12},"end":{"line":45,"column":32}},"9":{"start":{"line":56,"column":4},"end":{"line":62,"column":6}},"10":{"start":{"line":57,"column":8},"end":{"line":61,"column":9}},"11":{"start":{"line":58,"column":12},"end":{"line":58,"column":25}},"12":{"start":{"line":60,"column":12},"end":{"line":60,"column":32}},"13":{"start":{"line":70,"column":16},"end":{"line":72,"column":5}},"14":{"start":{"line":73,"column":4},"end":{"line":79,"column":6}},"15":{"start":{"line":74,"column":8},"end":{"line":78,"column":9}},"16":{"start":{"line":75,"column":12},"end":{"line":75,"column":25}},"17":{"start":{"line":77,"column":12},"end":{"line":77,"column":32}},"18":{"start":{"line":88,"column":16},"end":{"line":90,"column":5}},"19":{"start":{"line":91,"column":4},"end":{"line":91,"column":36}},"20":{"start":{"line":92,"column":4},"end":{"line":98,"column":6}},"21":{"start":{"line":93,"column":8},"end":{"line":97,"column":9}},"22":{"start":{"line":94,"column":12},"end":{"line":94,"column":25}},"23":{"start":{"line":96,"column":12},"end":{"line":96,"column":32}},"24":{"start":{"line":106,"column":16},"end":{"line":108,"column":5}},"25":{"start":{"line":109,"column":4},"end":{"line":109,"column":36}},"26":{"start":{"line":110,"column":4},"end":{"line":116,"column":6}},"27":{"start":{"line":111,"column":8},"end":{"line":115,"column":9}},"28":{"start":{"line":112,"column":12},"end":{"line":112,"column":25}},"29":{"start":{"line":114,"column":12},"end":{"line":114,"column":32}},"30":{"start":{"line":121,"column":23},"end":{"line":121,"column":42}},"31":{"start":{"line":122,"column":0},"end":{"line":122,"column":31}}},"fnMap":{"0":{"name":"(anonymous_0)","decl":{"start":{"line":18,"column":0},"end":{"line":18,"column":1}},"loc":{"start":{"line":18,"column":13},"end":{"line":18,"column":15}},"line":18},"1":{"name":"(anonymous_1)","decl":{"start":{"line":25,"column":0},"end":{"line":25,"column":1}},"loc":{"start":{"line":25,"column":39},"end":{"line":34,"column":1}},"line":25},"2":{"name":"(anonymous_2)","decl":{"start":{"line":26,"column":33},"end":{"line":26,"column":34}},"loc":{"start":{"line":26,"column":48},"end":{"line":32,"column":5}},"line":26},"3":{"name":"(anonymous_3)","decl":{"start":{"line":40,"column":0},"end":{"line":40,"column":1}},"loc":{"start":{"line":40,"column":37},"end":{"line":49,"column":1}},"line":40},"4":{"name":"(anonymous_4)","decl":{"start":{"line":41,"column":28},"end":{"line":41,"column":29}},"loc":{"start":{"line":41,"column":43},"end":{"line":47,"column":5}},"line":41},"5":{"name":"(anonymous_5)","decl":{"start":{"line":55,"column":0},"end":{"line":55,"column":1}},"loc":{"start":{"line":55,"column":38},"end":{"line":63,"column":1}},"line":55},"6":{"name":"(anonymous_6)","decl":{"start":{"line":56,"column":28},"end":{"line":56,"column":29}},"loc":{"start":{"line":56,"column":43},"end":{"line":62,"column":5}},"line":56},"7":{"name":"(anonymous_7)","decl":{"start":{"line":69,"column":0},"end":{"line":69,"column":1}},"loc":{"start":{"line":69,"column":41},"end":{"line":80,"column":1}},"line":69},"8":{"name":"(anonymous_8)","decl":{"start":{"line":73,"column":35},"end":{"line":73,"column":36}},"loc":{"start":{"line":73,"column":50},"end":{"line":79,"column":5}},"line":73},"9":{"name":"(anonymous_9)","decl":{"start":{"line":87,"column":0},"end":{"line":87,"column":1}},"loc":{"start":{"line":87,"column":42},"end":{"line":99,"column":1}},"line":87},"10":{"name":"(anonymous_10)","decl":{"start":{"line":92,"column":35},"end":{"line":92,"column":36}},"loc":{"start":{"line":92,"column":50},"end":{"line":98,"column":5}},"line":92},"11":{"name":"(anonymous_11)","decl":{"start":{"line":105,"column":0},"end":{"line":105,"column":1}},"loc":{"start":{"line":105,"column":47},"end":{"line":117,"column":1}},"line":105},"12":{"name":"(anonymous_12)","decl":{"start":{"line":110,"column":35},"end":{"line":110,"column":36}},"loc":{"start":{"line":110,"column":50},"end":{"line":116,"column":5}},"line":110}},"branchMap":{"0":{"loc":{"start":{"line":27,"column":8},"end":{"line":31,"column":9}},"type":"if","locations":[{"start":{"line":27,"column":8},"end":{"line":31,"column":9}},{"start":{"line":27,"column":8},"end":{"line":31,"column":9}}],"line":27},"1":{"loc":{"start":{"line":42,"column":8},"end":{"line":46,"column":9}},"type":"if","locations":[{"start":{"line":42,"column":8},"end":{"line":46,"column":9}},{"start":{"line":42,"column":8},"end":{"line":46,"column":9}}],"line":42},"2":{"loc":{"start":{"line":57,"column":8},"end":{"line":61,"column":9}},"type":"if","locations":[{"start":{"line":57,"column":8},"end":{"line":61,"column":9}},{"start":{"line":57,"column":8},"end":{"line":61,"column":9}}],"line":57},"3":{"loc":{"start":{"line":74,"column":8},"end":{"line":78,"column":9}},"type":"if","locations":[{"start":{"line":74,"column":8},"end":{"line":78,"column":9}},{"start":{"line":74,"column":8},"end":{"line":78,"column":9}}],"line":74},"4":{"loc":{"start":{"line":93,"column":8},"end":{"line":97,"column":9}},"type":"if","locations":[{"start":{"line":93,"column":8},"end":{"line":97,"column":9}},{"start":{"line":93,"column":8},"end":{"line":97,"column":9}}],"line":93},"5":{"loc":{"start":{"line":111,"column":8},"end":{"line":115,"column":9}},"type":"if","locations":[{"start":{"line":111,"column":8},"end":{"line":115,"column":9}},{"start":{"line":111,"column":8},"end":{"line":115,"column":9}}],"line":111}},"s":{"0":1,"1":2,"2":2,"3":2,"4":0,"5":0,"6":0,"7":0,"8":0,"9":2,"10":2,"11":1,"12":1,"13":2,"14":2,"15":2,"16":1,"17":1,"18":2,"19":2,"20":2,"21":2,"22":1,"23":1,"24":2,"25":2,"26":2,"27":2,"28":1,"29":1,"30":1,"31":1},"f":{"0":1,"1":2,"2":2,"3":0,"4":0,"5":2,"6":2,"7":2,"8":2,"9":2,"10":2,"11":2,"12":2},"b":{"0":[2,0],"1":[0,0],"2":[1,1],"3":[1,1],"4":[1,1],"5":[1,1]},"_coverageSchema":"43e27e138ebf9cfc5966b082cf9a028302ed4184","hash":"c8c0e8dfd00f94239fc4216992a5d19c63e1164e","contentHash":"54bbed5e5530410e4abefc8b8bc5b4debd91a35033ca7e25ff244290975c879a"},"/home/admin1/Desktop/fundoo/ServerSide/app/model/labelModel.js":{"path":"/home/admin1/Desktop/fundoo/ServerSide/app/model/labelModel.js","statementMap":{"0":{"start":{"line":10,"column":17},"end":{"line":10,"column":36}},"1":{"start":{"line":11,"column":15},"end":{"line":11,"column":30}},"2":{"start":{"line":19,"column":18},"end":{"line":36,"column":6}},"3":{"start":{"line":38,"column":12},"end":{"line":38,"column":48}},"4":{"start":{"line":50,"column":25},"end":{"line":53,"column":10}},"5":{"start":{"line":54,"column":24},"end":{"line":62,"column":10}},"6":{"start":{"line":55,"column":12},"end":{"line":61,"column":14}},"7":{"start":{"line":56,"column":16},"end":{"line":60,"column":17}},"8":{"start":{"line":57,"column":20},"end":{"line":57,"column":31}},"9":{"start":{"line":59,"column":16},"end":{"line":59,"column":29}},"10":{"start":{"line":63,"column":7},"end":{"line":69,"column":11}},"11":{"start":{"line":65,"column":12},"end":{"line":65,"column":33}},"12":{"start":{"line":68,"column":12},"end":{"line":68,"column":28}},"13":{"start":{"line":78,"column":24},"end":{"line":86,"column":10}},"14":{"start":{"line":79,"column":12},"end":{"line":85,"column":14}},"15":{"start":{"line":80,"column":16},"end":{"line":84,"column":17}},"16":{"start":{"line":81,"column":20},"end":{"line":81,"column":31}},"17":{"start":{"line":83,"column":16},"end":{"line":83,"column":29}},"18":{"start":{"line":87,"column":7},"end":{"line":93,"column":11}},"19":{"start":{"line":89,"column":12},"end":{"line":89,"column":33}},"20":{"start":{"line":92,"column":12},"end":{"line":92,"column":28}},"21":{"start":{"line":103,"column":24},"end":{"line":111,"column":10}},"22":{"start":{"line":104,"column":12},"end":{"line":110,"column":14}},"23":{"start":{"line":105,"column":16},"end":{"line":109,"column":17}},"24":{"start":{"line":106,"column":20},"end":{"line":106,"column":31}},"25":{"start":{"line":108,"column":16},"end":{"line":108,"column":29}},"26":{"start":{"line":112,"column":7},"end":{"line":118,"column":11}},"27":{"start":{"line":114,"column":12},"end":{"line":114,"column":33}},"28":{"start":{"line":117,"column":12},"end":{"line":117,"column":28}},"29":{"start":{"line":126,"column":8},"end":{"line":126,"column":39}},"30":{"start":{"line":127,"column":25},"end":{"line":135,"column":10}},"31":{"start":{"line":128,"column":12},"end":{"line":134,"column":14}},"32":{"start":{"line":129,"column":16},"end":{"line":133,"column":17}},"33":{"start":{"line":130,"column":20},"end":{"line":130,"column":31}},"34":{"start":{"line":132,"column":16},"end":{"line":132,"column":29}},"35":{"start":{"line":136,"column":7},"end":{"line":143,"column":11}},"36":{"start":{"line":138,"column":12},"end":{"line":138,"column":45}},"37":{"start":{"line":139,"column":12},"end":{"line":139,"column":33}},"38":{"start":{"line":142,"column":12},"end":{"line":142,"column":28}},"39":{"start":{"line":147,"column":22},"end":{"line":147,"column":38}},"40":{"start":{"line":148,"column":0},"end":{"line":148,"column":30}}},"fnMap":{"0":{"name":"(anonymous_0)","decl":{"start":{"line":41,"column":4},"end":{"line":41,"column":5}},"loc":{"start":{"line":41,"column":18},"end":{"line":41,"column":21}},"line":41},"1":{"name":"(anonymous_1)","decl":{"start":{"line":48,"column":4},"end":{"line":48,"column":5}},"loc":{"start":{"line":48,"column":39},"end":{"line":71,"column":5}},"line":48},"2":{"name":"(anonymous_2)","decl":{"start":{"line":54,"column":36},"end":{"line":54,"column":37}},"loc":{"start":{"line":54,"column":62},"end":{"line":62,"column":9}},"line":54},"3":{"name":"(anonymous_3)","decl":{"start":{"line":55,"column":26},"end":{"line":55,"column":27}},"loc":{"start":{"line":55,"column":41},"end":{"line":61,"column":13}},"line":55},"4":{"name":"(anonymous_4)","decl":{"start":{"line":64,"column":13},"end":{"line":64,"column":14}},"loc":{"start":{"line":64,"column":31},"end":{"line":66,"column":9}},"line":64},"5":{"name":"(anonymous_5)","decl":{"start":{"line":67,"column":14},"end":{"line":67,"column":15}},"loc":{"start":{"line":67,"column":32},"end":{"line":69,"column":9}},"line":67},"6":{"name":"(anonymous_6)","decl":{"start":{"line":77,"column":4},"end":{"line":77,"column":5}},"loc":{"start":{"line":77,"column":34},"end":{"line":95,"column":5}},"line":77},"7":{"name":"(anonymous_7)","decl":{"start":{"line":78,"column":36},"end":{"line":78,"column":37}},"loc":{"start":{"line":78,"column":62},"end":{"line":86,"column":9}},"line":78},"8":{"name":"(anonymous_8)","decl":{"start":{"line":79,"column":50},"end":{"line":79,"column":51}},"loc":{"start":{"line":79,"column":65},"end":{"line":85,"column":13}},"line":79},"9":{"name":"(anonymous_9)","decl":{"start":{"line":88,"column":13},"end":{"line":88,"column":14}},"loc":{"start":{"line":88,"column":31},"end":{"line":90,"column":9}},"line":88},"10":{"name":"(anonymous_10)","decl":{"start":{"line":91,"column":14},"end":{"line":91,"column":15}},"loc":{"start":{"line":91,"column":32},"end":{"line":93,"column":9}},"line":91},"11":{"name":"(anonymous_11)","decl":{"start":{"line":102,"column":4},"end":{"line":102,"column":5}},"loc":{"start":{"line":102,"column":33},"end":{"line":119,"column":5}},"line":102},"12":{"name":"(anonymous_12)","decl":{"start":{"line":103,"column":36},"end":{"line":103,"column":37}},"loc":{"start":{"line":103,"column":62},"end":{"line":111,"column":9}},"line":103},"13":{"name":"(anonymous_13)","decl":{"start":{"line":104,"column":52},"end":{"line":104,"column":53}},"loc":{"start":{"line":104,"column":67},"end":{"line":110,"column":13}},"line":104},"14":{"name":"(anonymous_14)","decl":{"start":{"line":113,"column":13},"end":{"line":113,"column":14}},"loc":{"start":{"line":113,"column":31},"end":{"line":115,"column":9}},"line":113},"15":{"name":"(anonymous_15)","decl":{"start":{"line":116,"column":14},"end":{"line":116,"column":15}},"loc":{"start":{"line":116,"column":32},"end":{"line":118,"column":9}},"line":116},"16":{"name":"(anonymous_16)","decl":{"start":{"line":125,"column":4},"end":{"line":125,"column":5}},"loc":{"start":{"line":125,"column":40},"end":{"line":144,"column":1}},"line":125},"17":{"name":"(anonymous_17)","decl":{"start":{"line":127,"column":37},"end":{"line":127,"column":38}},"loc":{"start":{"line":127,"column":63},"end":{"line":135,"column":9}},"line":127},"18":{"name":"(anonymous_18)","decl":{"start":{"line":128,"column":96},"end":{"line":128,"column":97}},"loc":{"start":{"line":128,"column":111},"end":{"line":134,"column":13}},"line":128},"19":{"name":"(anonymous_19)","decl":{"start":{"line":137,"column":13},"end":{"line":137,"column":14}},"loc":{"start":{"line":137,"column":31},"end":{"line":140,"column":9}},"line":137},"20":{"name":"(anonymous_20)","decl":{"start":{"line":141,"column":14},"end":{"line":141,"column":15}},"loc":{"start":{"line":141,"column":32},"end":{"line":143,"column":9}},"line":141}},"branchMap":{"0":{"loc":{"start":{"line":56,"column":16},"end":{"line":60,"column":17}},"type":"if","locations":[{"start":{"line":56,"column":16},"end":{"line":60,"column":17}},{"start":{"line":56,"column":16},"end":{"line":60,"column":17}}],"line":56},"1":{"loc":{"start":{"line":80,"column":16},"end":{"line":84,"column":17}},"type":"if","locations":[{"start":{"line":80,"column":16},"end":{"line":84,"column":17}},{"start":{"line":80,"column":16},"end":{"line":84,"column":17}}],"line":80},"2":{"loc":{"start":{"line":105,"column":16},"end":{"line":109,"column":17}},"type":"if","locations":[{"start":{"line":105,"column":16},"end":{"line":109,"column":17}},{"start":{"line":105,"column":16},"end":{"line":109,"column":17}}],"line":105},"3":{"loc":{"start":{"line":129,"column":16},"end":{"line":133,"column":17}},"type":"if","locations":[{"start":{"line":129,"column":16},"end":{"line":133,"column":17}},{"start":{"line":129,"column":16},"end":{"line":133,"column":17}}],"line":129}},"s":{"0":1,"1":1,"2":1,"3":1,"4":2,"5":2,"6":2,"7":2,"8":2,"9":0,"10":2,"11":0,"12":2,"13":0,"14":0,"15":0,"16":0,"17":0,"18":0,"19":0,"20":0,"21":2,"22":2,"23":2,"24":1,"25":1,"26":2,"27":1,"28":1,"29":6,"30":6,"31":6,"32":6,"33":3,"34":3,"35":6,"36":3,"37":3,"38":3,"39":1,"40":1},"f":{"0":1,"1":2,"2":2,"3":2,"4":0,"5":2,"6":0,"7":0,"8":0,"9":0,"10":0,"11":2,"12":2,"13":2,"14":1,"15":1,"16":6,"17":6,"18":6,"19":3,"20":3},"b":{"0":[2,0],"1":[0,0],"2":[1,1],"3":[3,3]},"_coverageSchema":"43e27e138ebf9cfc5966b082cf9a028302ed4184","hash":"6ff766008467cac2d66396ad0162ee1a2e3d0f92","contentHash":"dbdb8d9a2aa8a36dfe2f339b0041d7f7c712548ebddbc06157f37e9ca8b13525"},"/home/admin1/Desktop/fundoo/ServerSide/config/dbConfiguration.js":{"path":"/home/admin1/Desktop/fundoo/ServerSide/config/dbConfiguration.js","statementMap":{"0":{"start":{"line":1,"column":0},"end":{"line":3,"column":1}}},"fnMap":{},"branchMap":{},"s":{"0":1},"f":{},"b":{},"_coverageSchema":"43e27e138ebf9cfc5966b082cf9a028302ed4184","hash":"e25cfbe4ee14fba0ddd887dbff90a8f1b571dedb","contentHash":"a1ab75cc80c87633c496657715fca009e16341e49a4f1f9be3c4355f79d71141"}}